{"level":30,"time":"2021-06-16T00:00:02.178Z","pid":23626,"hostname":"jarvis","msg":"attachment_downloads/_maybeStartJob: no attachment jobs to run"}
{"level":30,"time":"2021-06-16T00:00:24.858Z","pid":23626,"hostname":"jarvis","msg":"Sending a keepalive message"}
{"level":30,"time":"2021-06-16T00:01:02.178Z","pid":23626,"hostname":"jarvis","msg":"attachment_downloads/_maybeStartJob: no attachment jobs to run"}
{"level":30,"time":"2021-06-16T00:01:20.049Z","pid":23626,"hostname":"jarvis","msg":"Sending a keepalive message"}
{"level":30,"time":"2021-06-16T00:02:02.178Z","pid":23626,"hostname":"jarvis","msg":"attachment_downloads/_maybeStartJob: no attachment jobs to run"}
{"level":30,"time":"2021-06-16T00:02:15.240Z","pid":23626,"hostname":"jarvis","msg":"Sending a keepalive message"}
{"level":30,"time":"2021-06-16T00:02:21.498Z","pid":23626,"hostname":"jarvis","msg":"RetryPlaceholders.getExpiredAndRemove: Found 0 expired items"}
{"level":30,"time":"2021-06-16T00:02:21.502Z","pid":23626,"hostname":"jarvis","msg":"retryPlaceholders/interval: Found 0 expired items"}
{"level":30,"time":"2021-06-16T00:03:02.178Z","pid":23626,"hostname":"jarvis","msg":"attachment_downloads/_maybeStartJob: no attachment jobs to run"}
{"level":30,"time":"2021-06-16T00:03:10.432Z","pid":23626,"hostname":"jarvis","msg":"Sending a keepalive message"}
{"level":30,"time":"2021-06-16T00:04:02.179Z","pid":23626,"hostname":"jarvis","msg":"attachment_downloads/_maybeStartJob: no attachment jobs to run"}
{"level":30,"time":"2021-06-16T00:04:05.623Z","pid":23626,"hostname":"jarvis","msg":"Sending a keepalive message"}
{"level":30,"time":"2021-06-16T00:05:00.814Z","pid":23626,"hostname":"jarvis","msg":"Sending a keepalive message"}
{"level":30,"time":"2021-06-16T00:05:02.179Z","pid":23626,"hostname":"jarvis","msg":"attachment_downloads/_maybeStartJob: no attachment jobs to run"}
{"level":30,"time":"2021-06-16T00:05:56.006Z","pid":23626,"hostname":"jarvis","msg":"Sending a keepalive message"}
{"level":30,"time":"2021-06-16T00:06:02.179Z","pid":23626,"hostname":"jarvis","msg":"attachment_downloads/_maybeStartJob: no attachment jobs to run"}
{"level":30,"time":"2021-06-16T00:06:51.197Z","pid":23626,"hostname":"jarvis","msg":"Sending a keepalive message"}
{"level":30,"time":"2021-06-16T00:07:02.180Z","pid":23626,"hostname":"jarvis","msg":"attachment_downloads/_maybeStartJob: no attachment jobs to run"}
{"level":30,"time":"2021-06-16T00:07:21.498Z","pid":23626,"hostname":"jarvis","msg":"RetryPlaceholders.getExpiredAndRemove: Found 0 expired items"}
{"level":30,"time":"2021-06-16T00:07:21.501Z","pid":23626,"hostname":"jarvis","msg":"retryPlaceholders/interval: Found 0 expired items"}
{"level":30,"time":"2021-06-16T00:07:46.389Z","pid":23626,"hostname":"jarvis","msg":"Sending a keepalive message"}
{"level":30,"time":"2021-06-16T00:08:02.180Z","pid":23626,"hostname":"jarvis","msg":"attachment_downloads/_maybeStartJob: no attachment jobs to run"}
{"level":30,"time":"2021-06-16T00:08:41.579Z","pid":23626,"hostname":"jarvis","msg":"Sending a keepalive message"}
{"level":30,"time":"2021-06-16T00:09:02.180Z","pid":23626,"hostname":"jarvis","msg":"attachment_downloads/_maybeStartJob: no attachment jobs to run"}
{"level":30,"time":"2021-06-16T00:09:36.770Z","pid":23626,"hostname":"jarvis","msg":"Sending a keepalive message"}
{"level":30,"time":"2021-06-16T00:10:02.181Z","pid":23626,"hostname":"jarvis","msg":"attachment_downloads/_maybeStartJob: no attachment jobs to run"}
{"level":30,"time":"2021-06-16T00:10:31.961Z","pid":23626,"hostname":"jarvis","msg":"Sending a keepalive message"}
{"level":30,"time":"2021-06-16T00:11:02.181Z","pid":23626,"hostname":"jarvis","msg":"attachment_downloads/_maybeStartJob: no attachment jobs to run"}
{"level":30,"time":"2021-06-16T00:11:27.153Z","pid":23626,"hostname":"jarvis","msg":"Sending a keepalive message"}
{"level":30,"time":"2021-06-16T00:12:02.181Z","pid":23626,"hostname":"jarvis","msg":"attachment_downloads/_maybeStartJob: no attachment jobs to run"}
{"level":30,"time":"2021-06-16T00:12:21.498Z","pid":23626,"hostname":"jarvis","msg":"RetryPlaceholders.getExpiredAndRemove: Found 0 expired items"}
{"level":30,"time":"2021-06-16T00:12:21.501Z","pid":23626,"hostname":"jarvis","msg":"retryPlaceholders/interval: Found 0 expired items"}
{"level":30,"time":"2021-06-16T00:12:22.345Z","pid":23626,"hostname":"jarvis","msg":"Sending a keepalive message"}
{"level":30,"time":"2021-06-16T00:13:02.181Z","pid":23626,"hostname":"jarvis","msg":"attachment_downloads/_maybeStartJob: no attachment jobs to run"}
{"level":30,"time":"2021-06-16T00:13:17.537Z","pid":23626,"hostname":"jarvis","msg":"Sending a keepalive message"}
{"level":30,"time":"2021-06-16T00:14:02.182Z","pid":23626,"hostname":"jarvis","msg":"attachment_downloads/_maybeStartJob: no attachment jobs to run"}
{"level":30,"time":"2021-06-16T00:14:12.728Z","pid":23626,"hostname":"jarvis","msg":"Sending a keepalive message"}
{"level":30,"time":"2021-06-16T00:15:02.182Z","pid":23626,"hostname":"jarvis","msg":"attachment_downloads/_maybeStartJob: no attachment jobs to run"}
{"level":30,"time":"2021-06-16T00:15:07.920Z","pid":23626,"hostname":"jarvis","msg":"Sending a keepalive message"}
{"level":30,"time":"2021-06-16T00:16:02.182Z","pid":23626,"hostname":"jarvis","msg":"attachment_downloads/_maybeStartJob: no attachment jobs to run"}
{"level":30,"time":"2021-06-16T00:16:03.111Z","pid":23626,"hostname":"jarvis","msg":"Sending a keepalive message"}
{"level":30,"time":"2021-06-16T00:16:58.302Z","pid":23626,"hostname":"jarvis","msg":"Sending a keepalive message"}
{"level":30,"time":"2021-06-16T00:17:02.182Z","pid":23626,"hostname":"jarvis","msg":"attachment_downloads/_maybeStartJob: no attachment jobs to run"}
{"level":30,"time":"2021-06-16T00:17:21.498Z","pid":23626,"hostname":"jarvis","msg":"RetryPlaceholders.getExpiredAndRemove: Found 0 expired items"}
{"level":30,"time":"2021-06-16T00:17:21.501Z","pid":23626,"hostname":"jarvis","msg":"retryPlaceholders/interval: Found 0 expired items"}
{"level":30,"time":"2021-06-16T00:17:53.493Z","pid":23626,"hostname":"jarvis","msg":"Sending a keepalive message"}
{"level":30,"time":"2021-06-16T00:18:02.182Z","pid":23626,"hostname":"jarvis","msg":"attachment_downloads/_maybeStartJob: no attachment jobs to run"}
{"level":30,"time":"2021-06-16T00:18:48.687Z","pid":23626,"hostname":"jarvis","msg":"Sending a keepalive message"}
{"level":30,"time":"2021-06-16T00:19:02.183Z","pid":23626,"hostname":"jarvis","msg":"attachment_downloads/_maybeStartJob: no attachment jobs to run"}
{"level":30,"time":"2021-06-16T00:19:43.878Z","pid":23626,"hostname":"jarvis","msg":"Sending a keepalive message"}
{"level":30,"time":"2021-06-16T00:20:02.184Z","pid":23626,"hostname":"jarvis","msg":"attachment_downloads/_maybeStartJob: no attachment jobs to run"}
{"level":30,"time":"2021-06-16T00:20:39.069Z","pid":23626,"hostname":"jarvis","msg":"Sending a keepalive message"}
{"level":30,"time":"2021-06-16T00:21:02.184Z","pid":23626,"hostname":"jarvis","msg":"attachment_downloads/_maybeStartJob: no attachment jobs to run"}
{"level":30,"time":"2021-06-16T00:21:34.260Z","pid":23626,"hostname":"jarvis","msg":"Sending a keepalive message"}
{"level":30,"time":"2021-06-16T00:22:02.184Z","pid":23626,"hostname":"jarvis","msg":"attachment_downloads/_maybeStartJob: no attachment jobs to run"}
{"level":30,"time":"2021-06-16T00:22:21.498Z","pid":23626,"hostname":"jarvis","msg":"RetryPlaceholders.getExpiredAndRemove: Found 0 expired items"}
{"level":30,"time":"2021-06-16T00:22:21.502Z","pid":23626,"hostname":"jarvis","msg":"retryPlaceholders/interval: Found 0 expired items"}
{"level":30,"time":"2021-06-16T00:22:29.452Z","pid":23626,"hostname":"jarvis","msg":"Sending a keepalive message"}
{"level":30,"time":"2021-06-16T00:23:02.185Z","pid":23626,"hostname":"jarvis","msg":"attachment_downloads/_maybeStartJob: no attachment jobs to run"}
{"level":30,"time":"2021-06-16T00:23:24.644Z","pid":23626,"hostname":"jarvis","msg":"Sending a keepalive message"}
{"level":30,"time":"2021-06-16T00:24:02.185Z","pid":23626,"hostname":"jarvis","msg":"attachment_downloads/_maybeStartJob: no attachment jobs to run"}
{"level":30,"time":"2021-06-16T00:24:19.835Z","pid":23626,"hostname":"jarvis","msg":"Sending a keepalive message"}
{"level":30,"time":"2021-06-16T00:25:02.186Z","pid":23626,"hostname":"jarvis","msg":"attachment_downloads/_maybeStartJob: no attachment jobs to run"}
{"level":30,"time":"2021-06-16T00:25:15.026Z","pid":23626,"hostname":"jarvis","msg":"Sending a keepalive message"}
{"level":30,"time":"2021-06-16T00:26:02.186Z","pid":23626,"hostname":"jarvis","msg":"attachment_downloads/_maybeStartJob: no attachment jobs to run"}
{"level":30,"time":"2021-06-16T00:26:10.217Z","pid":23626,"hostname":"jarvis","msg":"Sending a keepalive message"}
{"level":30,"time":"2021-06-16T00:27:02.186Z","pid":23626,"hostname":"jarvis","msg":"attachment_downloads/_maybeStartJob: no attachment jobs to run"}
{"level":30,"time":"2021-06-16T00:27:05.408Z","pid":23626,"hostname":"jarvis","msg":"Sending a keepalive message"}
{"level":30,"time":"2021-06-16T00:27:21.498Z","pid":23626,"hostname":"jarvis","msg":"RetryPlaceholders.getExpiredAndRemove: Found 0 expired items"}
{"level":30,"time":"2021-06-16T00:27:21.501Z","pid":23626,"hostname":"jarvis","msg":"retryPlaceholders/interval: Found 0 expired items"}
{"level":30,"time":"2021-06-16T00:28:00.599Z","pid":23626,"hostname":"jarvis","msg":"Sending a keepalive message"}
{"level":30,"time":"2021-06-16T00:28:02.186Z","pid":23626,"hostname":"jarvis","msg":"attachment_downloads/_maybeStartJob: no attachment jobs to run"}
{"level":30,"time":"2021-06-16T00:28:55.790Z","pid":23626,"hostname":"jarvis","msg":"Sending a keepalive message"}
{"level":30,"time":"2021-06-16T00:29:02.187Z","pid":23626,"hostname":"jarvis","msg":"attachment_downloads/_maybeStartJob: no attachment jobs to run"}
{"level":30,"time":"2021-06-16T00:29:50.981Z","pid":23626,"hostname":"jarvis","msg":"Sending a keepalive message"}
{"level":30,"time":"2021-06-16T00:30:02.187Z","pid":23626,"hostname":"jarvis","msg":"attachment_downloads/_maybeStartJob: no attachment jobs to run"}
{"level":30,"time":"2021-06-16T00:30:46.172Z","pid":23626,"hostname":"jarvis","msg":"Sending a keepalive message"}
{"level":30,"time":"2021-06-16T00:31:02.187Z","pid":23626,"hostname":"jarvis","msg":"attachment_downloads/_maybeStartJob: no attachment jobs to run"}
{"level":30,"time":"2021-06-16T00:31:41.364Z","pid":23626,"hostname":"jarvis","msg":"Sending a keepalive message"}
{"level":30,"time":"2021-06-16T00:32:02.188Z","pid":23626,"hostname":"jarvis","msg":"attachment_downloads/_maybeStartJob: no attachment jobs to run"}
{"level":30,"time":"2021-06-16T00:32:21.498Z","pid":23626,"hostname":"jarvis","msg":"RetryPlaceholders.getExpiredAndRemove: Found 0 expired items"}
{"level":30,"time":"2021-06-16T00:32:21.501Z","pid":23626,"hostname":"jarvis","msg":"retryPlaceholders/interval: Found 0 expired items"}
{"level":30,"time":"2021-06-16T00:32:36.555Z","pid":23626,"hostname":"jarvis","msg":"Sending a keepalive message"}
{"level":30,"time":"2021-06-16T00:33:02.188Z","pid":23626,"hostname":"jarvis","msg":"attachment_downloads/_maybeStartJob: no attachment jobs to run"}
{"level":30,"time":"2021-06-16T00:33:31.746Z","pid":23626,"hostname":"jarvis","msg":"Sending a keepalive message"}
{"level":30,"time":"2021-06-16T00:34:02.188Z","pid":23626,"hostname":"jarvis","msg":"attachment_downloads/_maybeStartJob: no attachment jobs to run"}
{"level":30,"time":"2021-06-16T00:34:26.937Z","pid":23626,"hostname":"jarvis","msg":"Sending a keepalive message"}
{"level":30,"time":"2021-06-16T00:35:02.189Z","pid":23626,"hostname":"jarvis","msg":"attachment_downloads/_maybeStartJob: no attachment jobs to run"}
{"level":30,"time":"2021-06-16T00:35:22.128Z","pid":23626,"hostname":"jarvis","msg":"Sending a keepalive message"}
{"level":30,"time":"2021-06-16T00:36:02.189Z","pid":23626,"hostname":"jarvis","msg":"attachment_downloads/_maybeStartJob: no attachment jobs to run"}
{"level":30,"time":"2021-06-16T00:36:17.319Z","pid":23626,"hostname":"jarvis","msg":"Sending a keepalive message"}
{"level":30,"time":"2021-06-16T00:37:02.190Z","pid":23626,"hostname":"jarvis","msg":"attachment_downloads/_maybeStartJob: no attachment jobs to run"}
{"level":30,"time":"2021-06-16T00:37:12.510Z","pid":23626,"hostname":"jarvis","msg":"Sending a keepalive message"}
{"level":30,"time":"2021-06-16T00:37:21.498Z","pid":23626,"hostname":"jarvis","msg":"RetryPlaceholders.getExpiredAndRemove: Found 0 expired items"}
{"level":30,"time":"2021-06-16T00:37:21.501Z","pid":23626,"hostname":"jarvis","msg":"retryPlaceholders/interval: Found 0 expired items"}
{"level":30,"time":"2021-06-16T00:38:02.190Z","pid":23626,"hostname":"jarvis","msg":"attachment_downloads/_maybeStartJob: no attachment jobs to run"}
{"level":30,"time":"2021-06-16T00:38:07.700Z","pid":23626,"hostname":"jarvis","msg":"Sending a keepalive message"}
{"level":30,"time":"2021-06-16T00:39:02.191Z","pid":23626,"hostname":"jarvis","msg":"attachment_downloads/_maybeStartJob: no attachment jobs to run"}
{"level":30,"time":"2021-06-16T00:39:02.892Z","pid":23626,"hostname":"jarvis","msg":"Sending a keepalive message"}
{"level":30,"time":"2021-06-16T00:39:58.084Z","pid":23626,"hostname":"jarvis","msg":"Sending a keepalive message"}
{"level":30,"time":"2021-06-16T00:40:02.191Z","pid":23626,"hostname":"jarvis","msg":"attachment_downloads/_maybeStartJob: no attachment jobs to run"}
{"level":30,"time":"2021-06-16T00:40:53.276Z","pid":23626,"hostname":"jarvis","msg":"Sending a keepalive message"}
{"level":30,"time":"2021-06-16T00:41:02.191Z","pid":23626,"hostname":"jarvis","msg":"attachment_downloads/_maybeStartJob: no attachment jobs to run"}
{"level":30,"time":"2021-06-16T00:41:48.468Z","pid":23626,"hostname":"jarvis","msg":"Sending a keepalive message"}
{"level":30,"time":"2021-06-16T00:42:02.191Z","pid":23626,"hostname":"jarvis","msg":"attachment_downloads/_maybeStartJob: no attachment jobs to run"}
{"level":30,"time":"2021-06-16T00:42:21.498Z","pid":23626,"hostname":"jarvis","msg":"RetryPlaceholders.getExpiredAndRemove: Found 0 expired items"}
{"level":30,"time":"2021-06-16T00:42:21.501Z","pid":23626,"hostname":"jarvis","msg":"retryPlaceholders/interval: Found 0 expired items"}
{"level":30,"time":"2021-06-16T00:42:43.659Z","pid":23626,"hostname":"jarvis","msg":"Sending a keepalive message"}
{"level":30,"time":"2021-06-16T00:43:02.192Z","pid":23626,"hostname":"jarvis","msg":"attachment_downloads/_maybeStartJob: no attachment jobs to run"}
{"level":30,"time":"2021-06-16T00:43:38.852Z","pid":23626,"hostname":"jarvis","msg":"Sending a keepalive message"}
{"level":30,"time":"2021-06-16T00:44:02.192Z","pid":23626,"hostname":"jarvis","msg":"attachment_downloads/_maybeStartJob: no attachment jobs to run"}
{"level":30,"time":"2021-06-16T00:44:34.044Z","pid":23626,"hostname":"jarvis","msg":"Sending a keepalive message"}
{"level":30,"time":"2021-06-16T00:45:02.193Z","pid":23626,"hostname":"jarvis","msg":"attachment_downloads/_maybeStartJob: no attachment jobs to run"}
{"level":30,"time":"2021-06-16T00:45:29.236Z","pid":23626,"hostname":"jarvis","msg":"Sending a keepalive message"}
{"level":30,"time":"2021-06-16T00:46:02.193Z","pid":23626,"hostname":"jarvis","msg":"attachment_downloads/_maybeStartJob: no attachment jobs to run"}
{"level":30,"time":"2021-06-16T00:46:24.427Z","pid":23626,"hostname":"jarvis","msg":"Sending a keepalive message"}
{"level":30,"time":"2021-06-16T00:47:02.193Z","pid":23626,"hostname":"jarvis","msg":"attachment_downloads/_maybeStartJob: no attachment jobs to run"}
{"level":30,"time":"2021-06-16T00:47:19.618Z","pid":23626,"hostname":"jarvis","msg":"Sending a keepalive message"}
{"level":30,"time":"2021-06-16T00:47:21.498Z","pid":23626,"hostname":"jarvis","msg":"RetryPlaceholders.getExpiredAndRemove: Found 0 expired items"}
{"level":30,"time":"2021-06-16T00:47:21.502Z","pid":23626,"hostname":"jarvis","msg":"retryPlaceholders/interval: Found 0 expired items"}
{"level":30,"time":"2021-06-16T00:48:02.193Z","pid":23626,"hostname":"jarvis","msg":"attachment_downloads/_maybeStartJob: no attachment jobs to run"}
{"level":30,"time":"2021-06-16T00:48:14.809Z","pid":23626,"hostname":"jarvis","msg":"Sending a keepalive message"}
{"level":30,"time":"2021-06-16T00:49:02.193Z","pid":23626,"hostname":"jarvis","msg":"attachment_downloads/_maybeStartJob: no attachment jobs to run"}
{"level":30,"time":"2021-06-16T00:49:10.000Z","pid":23626,"hostname":"jarvis","msg":"Sending a keepalive message"}
{"level":30,"time":"2021-06-16T00:50:02.193Z","pid":23626,"hostname":"jarvis","msg":"attachment_downloads/_maybeStartJob: no attachment jobs to run"}
{"level":30,"time":"2021-06-16T00:50:05.192Z","pid":23626,"hostname":"jarvis","msg":"Sending a keepalive message"}
{"level":30,"time":"2021-06-16T00:51:00.384Z","pid":23626,"hostname":"jarvis","msg":"Sending a keepalive message"}
{"level":30,"time":"2021-06-16T00:51:02.194Z","pid":23626,"hostname":"jarvis","msg":"attachment_downloads/_maybeStartJob: no attachment jobs to run"}
{"level":30,"time":"2021-06-16T00:51:55.575Z","pid":23626,"hostname":"jarvis","msg":"Sending a keepalive message"}
{"level":30,"time":"2021-06-16T00:52:02.194Z","pid":23626,"hostname":"jarvis","msg":"attachment_downloads/_maybeStartJob: no attachment jobs to run"}
{"level":30,"time":"2021-06-16T00:52:21.498Z","pid":23626,"hostname":"jarvis","msg":"RetryPlaceholders.getExpiredAndRemove: Found 0 expired items"}
{"level":30,"time":"2021-06-16T00:52:21.501Z","pid":23626,"hostname":"jarvis","msg":"retryPlaceholders/interval: Found 0 expired items"}
{"level":30,"time":"2021-06-16T00:52:50.767Z","pid":23626,"hostname":"jarvis","msg":"Sending a keepalive message"}
{"level":30,"time":"2021-06-16T00:53:02.194Z","pid":23626,"hostname":"jarvis","msg":"attachment_downloads/_maybeStartJob: no attachment jobs to run"}
{"level":30,"time":"2021-06-16T00:53:45.958Z","pid":23626,"hostname":"jarvis","msg":"Sending a keepalive message"}
{"level":30,"time":"2021-06-16T00:54:02.195Z","pid":23626,"hostname":"jarvis","msg":"attachment_downloads/_maybeStartJob: no attachment jobs to run"}
{"level":30,"time":"2021-06-16T00:54:41.149Z","pid":23626,"hostname":"jarvis","msg":"Sending a keepalive message"}
{"level":30,"time":"2021-06-16T00:55:02.195Z","pid":23626,"hostname":"jarvis","msg":"attachment_downloads/_maybeStartJob: no attachment jobs to run"}
{"level":30,"time":"2021-06-16T00:55:36.341Z","pid":23626,"hostname":"jarvis","msg":"Sending a keepalive message"}
{"level":30,"time":"2021-06-16T00:56:02.195Z","pid":23626,"hostname":"jarvis","msg":"attachment_downloads/_maybeStartJob: no attachment jobs to run"}
{"level":30,"time":"2021-06-16T00:56:31.531Z","pid":23626,"hostname":"jarvis","msg":"Sending a keepalive message"}
{"level":30,"time":"2021-06-16T00:57:02.195Z","pid":23626,"hostname":"jarvis","msg":"attachment_downloads/_maybeStartJob: no attachment jobs to run"}
{"level":30,"time":"2021-06-16T00:57:21.498Z","pid":23626,"hostname":"jarvis","msg":"RetryPlaceholders.getExpiredAndRemove: Found 0 expired items"}
{"level":30,"time":"2021-06-16T00:57:21.501Z","pid":23626,"hostname":"jarvis","msg":"retryPlaceholders/interval: Found 0 expired items"}
{"level":30,"time":"2021-06-16T00:57:26.723Z","pid":23626,"hostname":"jarvis","msg":"Sending a keepalive message"}
{"level":30,"time":"2021-06-16T00:58:02.196Z","pid":23626,"hostname":"jarvis","msg":"attachment_downloads/_maybeStartJob: no attachment jobs to run"}
{"level":30,"time":"2021-06-16T00:58:21.915Z","pid":23626,"hostname":"jarvis","msg":"Sending a keepalive message"}
{"level":30,"time":"2021-06-16T00:59:02.196Z","pid":23626,"hostname":"jarvis","msg":"attachment_downloads/_maybeStartJob: no attachment jobs to run"}
{"level":30,"time":"2021-06-16T00:59:17.107Z","pid":23626,"hostname":"jarvis","msg":"Sending a keepalive message"}
{"level":30,"time":"2021-06-16T01:00:02.196Z","pid":23626,"hostname":"jarvis","msg":"attachment_downloads/_maybeStartJob: no attachment jobs to run"}
{"level":30,"time":"2021-06-16T01:00:12.298Z","pid":23626,"hostname":"jarvis","msg":"Sending a keepalive message"}
{"level":30,"time":"2021-06-16T01:01:02.197Z","pid":23626,"hostname":"jarvis","msg":"attachment_downloads/_maybeStartJob: no attachment jobs to run"}
{"level":30,"time":"2021-06-16T01:01:07.489Z","pid":23626,"hostname":"jarvis","msg":"Sending a keepalive message"}
{"level":30,"time":"2021-06-16T01:02:02.197Z","pid":23626,"hostname":"jarvis","msg":"attachment_downloads/_maybeStartJob: no attachment jobs to run"}
{"level":30,"time":"2021-06-16T01:02:02.680Z","pid":23626,"hostname":"jarvis","msg":"Sending a keepalive message"}
{"level":30,"time":"2021-06-16T01:02:21.498Z","pid":23626,"hostname":"jarvis","msg":"RetryPlaceholders.getExpiredAndRemove: Found 0 expired items"}
{"level":30,"time":"2021-06-16T01:02:21.501Z","pid":23626,"hostname":"jarvis","msg":"retryPlaceholders/interval: Found 0 expired items"}
{"level":30,"time":"2021-06-16T01:02:57.872Z","pid":23626,"hostname":"jarvis","msg":"Sending a keepalive message"}
{"level":30,"time":"2021-06-16T01:03:02.198Z","pid":23626,"hostname":"jarvis","msg":"attachment_downloads/_maybeStartJob: no attachment jobs to run"}
{"level":30,"time":"2021-06-16T01:03:53.064Z","pid":23626,"hostname":"jarvis","msg":"Sending a keepalive message"}
{"level":30,"time":"2021-06-16T01:04:02.198Z","pid":23626,"hostname":"jarvis","msg":"attachment_downloads/_maybeStartJob: no attachment jobs to run"}
{"level":30,"time":"2021-06-16T01:04:48.255Z","pid":23626,"hostname":"jarvis","msg":"Sending a keepalive message"}
{"level":30,"time":"2021-06-16T01:05:02.198Z","pid":23626,"hostname":"jarvis","msg":"attachment_downloads/_maybeStartJob: no attachment jobs to run"}
{"level":30,"time":"2021-06-16T01:05:43.446Z","pid":23626,"hostname":"jarvis","msg":"Sending a keepalive message"}
{"level":30,"time":"2021-06-16T01:06:02.199Z","pid":23626,"hostname":"jarvis","msg":"attachment_downloads/_maybeStartJob: no attachment jobs to run"}
{"level":30,"time":"2021-06-16T01:06:38.638Z","pid":23626,"hostname":"jarvis","msg":"Sending a keepalive message"}
{"level":30,"time":"2021-06-16T01:07:02.199Z","pid":23626,"hostname":"jarvis","msg":"attachment_downloads/_maybeStartJob: no attachment jobs to run"}
{"level":30,"time":"2021-06-16T01:07:21.498Z","pid":23626,"hostname":"jarvis","msg":"RetryPlaceholders.getExpiredAndRemove: Found 0 expired items"}
{"level":30,"time":"2021-06-16T01:07:21.502Z","pid":23626,"hostname":"jarvis","msg":"retryPlaceholders/interval: Found 0 expired items"}
{"level":30,"time":"2021-06-16T01:07:33.830Z","pid":23626,"hostname":"jarvis","msg":"Sending a keepalive message"}
{"level":30,"time":"2021-06-16T01:08:02.199Z","pid":23626,"hostname":"jarvis","msg":"attachment_downloads/_maybeStartJob: no attachment jobs to run"}
{"level":30,"time":"2021-06-16T01:08:29.021Z","pid":23626,"hostname":"jarvis","msg":"Sending a keepalive message"}
{"level":30,"time":"2021-06-16T01:09:02.200Z","pid":23626,"hostname":"jarvis","msg":"attachment_downloads/_maybeStartJob: no attachment jobs to run"}
{"level":30,"time":"2021-06-16T01:09:24.212Z","pid":23626,"hostname":"jarvis","msg":"Sending a keepalive message"}
{"level":30,"time":"2021-06-16T01:10:02.200Z","pid":23626,"hostname":"jarvis","msg":"attachment_downloads/_maybeStartJob: no attachment jobs to run"}
{"level":30,"time":"2021-06-16T01:10:19.404Z","pid":23626,"hostname":"jarvis","msg":"Sending a keepalive message"}
{"level":30,"time":"2021-06-16T01:11:02.200Z","pid":23626,"hostname":"jarvis","msg":"attachment_downloads/_maybeStartJob: no attachment jobs to run"}
{"level":30,"time":"2021-06-16T01:11:14.595Z","pid":23626,"hostname":"jarvis","msg":"Sending a keepalive message"}
{"level":30,"time":"2021-06-16T01:12:02.201Z","pid":23626,"hostname":"jarvis","msg":"attachment_downloads/_maybeStartJob: no attachment jobs to run"}
{"level":30,"time":"2021-06-16T01:12:09.787Z","pid":23626,"hostname":"jarvis","msg":"Sending a keepalive message"}
{"level":30,"time":"2021-06-16T01:12:21.498Z","pid":23626,"hostname":"jarvis","msg":"RetryPlaceholders.getExpiredAndRemove: Found 0 expired items"}
{"level":30,"time":"2021-06-16T01:12:21.502Z","pid":23626,"hostname":"jarvis","msg":"retryPlaceholders/interval: Found 0 expired items"}
{"level":30,"time":"2021-06-16T01:13:02.201Z","pid":23626,"hostname":"jarvis","msg":"attachment_downloads/_maybeStartJob: no attachment jobs to run"}
{"level":30,"time":"2021-06-16T01:13:04.979Z","pid":23626,"hostname":"jarvis","msg":"Sending a keepalive message"}
{"level":30,"time":"2021-06-16T01:14:00.170Z","pid":23626,"hostname":"jarvis","msg":"Sending a keepalive message"}
{"level":30,"time":"2021-06-16T01:14:02.202Z","pid":23626,"hostname":"jarvis","msg":"attachment_downloads/_maybeStartJob: no attachment jobs to run"}
{"level":30,"time":"2021-06-16T01:14:55.362Z","pid":23626,"hostname":"jarvis","msg":"Sending a keepalive message"}
{"level":30,"time":"2021-06-16T01:15:02.202Z","pid":23626,"hostname":"jarvis","msg":"attachment_downloads/_maybeStartJob: no attachment jobs to run"}
{"level":30,"time":"2021-06-16T01:15:50.553Z","pid":23626,"hostname":"jarvis","msg":"Sending a keepalive message"}
{"level":30,"time":"2021-06-16T01:16:02.202Z","pid":23626,"hostname":"jarvis","msg":"attachment_downloads/_maybeStartJob: no attachment jobs to run"}
{"level":30,"time":"2021-06-16T01:16:45.743Z","pid":23626,"hostname":"jarvis","msg":"Sending a keepalive message"}
{"level":30,"time":"2021-06-16T01:17:02.202Z","pid":23626,"hostname":"jarvis","msg":"attachment_downloads/_maybeStartJob: no attachment jobs to run"}
{"level":30,"time":"2021-06-16T01:17:21.498Z","pid":23626,"hostname":"jarvis","msg":"RetryPlaceholders.getExpiredAndRemove: Found 0 expired items"}
{"level":30,"time":"2021-06-16T01:17:21.501Z","pid":23626,"hostname":"jarvis","msg":"retryPlaceholders/interval: Found 0 expired items"}
{"level":30,"time":"2021-06-16T01:17:40.935Z","pid":23626,"hostname":"jarvis","msg":"Sending a keepalive message"}
{"level":30,"time":"2021-06-16T01:18:02.203Z","pid":23626,"hostname":"jarvis","msg":"attachment_downloads/_maybeStartJob: no attachment jobs to run"}
{"level":30,"time":"2021-06-16T01:18:36.127Z","pid":23626,"hostname":"jarvis","msg":"Sending a keepalive message"}
{"level":30,"time":"2021-06-16T01:19:02.203Z","pid":23626,"hostname":"jarvis","msg":"attachment_downloads/_maybeStartJob: no attachment jobs to run"}
{"level":30,"time":"2021-06-16T01:19:31.318Z","pid":23626,"hostname":"jarvis","msg":"Sending a keepalive message"}
{"level":30,"time":"2021-06-16T01:20:02.203Z","pid":23626,"hostname":"jarvis","msg":"attachment_downloads/_maybeStartJob: no attachment jobs to run"}
{"level":30,"time":"2021-06-16T01:20:26.509Z","pid":23626,"hostname":"jarvis","msg":"Sending a keepalive message"}
{"level":30,"time":"2021-06-16T01:21:02.204Z","pid":23626,"hostname":"jarvis","msg":"attachment_downloads/_maybeStartJob: no attachment jobs to run"}
{"level":30,"time":"2021-06-16T01:21:21.700Z","pid":23626,"hostname":"jarvis","msg":"Sending a keepalive message"}
{"level":30,"time":"2021-06-16T01:22:02.204Z","pid":23626,"hostname":"jarvis","msg":"attachment_downloads/_maybeStartJob: no attachment jobs to run"}
{"level":30,"time":"2021-06-16T01:22:16.891Z","pid":23626,"hostname":"jarvis","msg":"Sending a keepalive message"}
{"level":30,"time":"2021-06-16T01:22:21.498Z","pid":23626,"hostname":"jarvis","msg":"RetryPlaceholders.getExpiredAndRemove: Found 0 expired items"}
{"level":30,"time":"2021-06-16T01:22:21.501Z","pid":23626,"hostname":"jarvis","msg":"retryPlaceholders/interval: Found 0 expired items"}
{"level":30,"time":"2021-06-16T01:23:02.204Z","pid":23626,"hostname":"jarvis","msg":"attachment_downloads/_maybeStartJob: no attachment jobs to run"}
{"level":30,"time":"2021-06-16T01:23:12.082Z","pid":23626,"hostname":"jarvis","msg":"Sending a keepalive message"}
{"level":30,"time":"2021-06-16T01:24:02.205Z","pid":23626,"hostname":"jarvis","msg":"attachment_downloads/_maybeStartJob: no attachment jobs to run"}
{"level":30,"time":"2021-06-16T01:24:07.274Z","pid":23626,"hostname":"jarvis","msg":"Sending a keepalive message"}
{"level":30,"time":"2021-06-16T01:25:02.205Z","pid":23626,"hostname":"jarvis","msg":"attachment_downloads/_maybeStartJob: no attachment jobs to run"}
{"level":30,"time":"2021-06-16T01:25:02.464Z","pid":23626,"hostname":"jarvis","msg":"Sending a keepalive message"}
{"level":30,"time":"2021-06-16T01:25:57.656Z","pid":23626,"hostname":"jarvis","msg":"Sending a keepalive message"}
{"level":30,"time":"2021-06-16T01:26:02.207Z","pid":23626,"hostname":"jarvis","msg":"attachment_downloads/_maybeStartJob: no attachment jobs to run"}
{"level":30,"time":"2021-06-16T01:26:52.847Z","pid":23626,"hostname":"jarvis","msg":"Sending a keepalive message"}
{"level":30,"time":"2021-06-16T01:27:02.206Z","pid":23626,"hostname":"jarvis","msg":"attachment_downloads/_maybeStartJob: no attachment jobs to run"}
{"level":30,"time":"2021-06-16T01:27:21.498Z","pid":23626,"hostname":"jarvis","msg":"RetryPlaceholders.getExpiredAndRemove: Found 0 expired items"}
{"level":30,"time":"2021-06-16T01:27:21.502Z","pid":23626,"hostname":"jarvis","msg":"retryPlaceholders/interval: Found 0 expired items"}
{"level":30,"time":"2021-06-16T01:27:48.038Z","pid":23626,"hostname":"jarvis","msg":"Sending a keepalive message"}
{"level":30,"time":"2021-06-16T01:28:02.206Z","pid":23626,"hostname":"jarvis","msg":"attachment_downloads/_maybeStartJob: no attachment jobs to run"}
{"level":30,"time":"2021-06-16T01:28:43.228Z","pid":23626,"hostname":"jarvis","msg":"Sending a keepalive message"}
{"level":30,"time":"2021-06-16T01:29:02.207Z","pid":23626,"hostname":"jarvis","msg":"attachment_downloads/_maybeStartJob: no attachment jobs to run"}
{"level":30,"time":"2021-06-16T01:29:38.419Z","pid":23626,"hostname":"jarvis","msg":"Sending a keepalive message"}
{"level":30,"time":"2021-06-16T01:30:02.207Z","pid":23626,"hostname":"jarvis","msg":"attachment_downloads/_maybeStartJob: no attachment jobs to run"}
{"level":30,"time":"2021-06-16T01:30:33.610Z","pid":23626,"hostname":"jarvis","msg":"Sending a keepalive message"}
{"level":30,"time":"2021-06-16T01:31:02.207Z","pid":23626,"hostname":"jarvis","msg":"attachment_downloads/_maybeStartJob: no attachment jobs to run"}
{"level":30,"time":"2021-06-16T01:31:28.802Z","pid":23626,"hostname":"jarvis","msg":"Sending a keepalive message"}
{"level":30,"time":"2021-06-16T01:32:02.208Z","pid":23626,"hostname":"jarvis","msg":"attachment_downloads/_maybeStartJob: no attachment jobs to run"}
{"level":30,"time":"2021-06-16T01:32:21.498Z","pid":23626,"hostname":"jarvis","msg":"RetryPlaceholders.getExpiredAndRemove: Found 0 expired items"}
{"level":30,"time":"2021-06-16T01:32:21.502Z","pid":23626,"hostname":"jarvis","msg":"retryPlaceholders/interval: Found 0 expired items"}
{"level":30,"time":"2021-06-16T01:32:23.993Z","pid":23626,"hostname":"jarvis","msg":"Sending a keepalive message"}
{"level":30,"time":"2021-06-16T01:33:02.208Z","pid":23626,"hostname":"jarvis","msg":"attachment_downloads/_maybeStartJob: no attachment jobs to run"}
{"level":30,"time":"2021-06-16T01:33:19.184Z","pid":23626,"hostname":"jarvis","msg":"Sending a keepalive message"}
{"level":30,"time":"2021-06-16T01:34:02.208Z","pid":23626,"hostname":"jarvis","msg":"attachment_downloads/_maybeStartJob: no attachment jobs to run"}
{"level":30,"time":"2021-06-16T01:34:14.376Z","pid":23626,"hostname":"jarvis","msg":"Sending a keepalive message"}
{"level":30,"time":"2021-06-16T01:35:02.209Z","pid":23626,"hostname":"jarvis","msg":"attachment_downloads/_maybeStartJob: no attachment jobs to run"}
{"level":30,"time":"2021-06-16T01:35:09.567Z","pid":23626,"hostname":"jarvis","msg":"Sending a keepalive message"}
{"level":30,"time":"2021-06-16T01:36:02.209Z","pid":23626,"hostname":"jarvis","msg":"attachment_downloads/_maybeStartJob: no attachment jobs to run"}
{"level":30,"time":"2021-06-16T01:36:04.759Z","pid":23626,"hostname":"jarvis","msg":"Sending a keepalive message"}
{"level":30,"time":"2021-06-16T01:36:59.950Z","pid":23626,"hostname":"jarvis","msg":"Sending a keepalive message"}
{"level":30,"time":"2021-06-16T01:37:02.209Z","pid":23626,"hostname":"jarvis","msg":"attachment_downloads/_maybeStartJob: no attachment jobs to run"}
{"level":30,"time":"2021-06-16T01:37:21.498Z","pid":23626,"hostname":"jarvis","msg":"RetryPlaceholders.getExpiredAndRemove: Found 0 expired items"}
{"level":30,"time":"2021-06-16T01:37:21.501Z","pid":23626,"hostname":"jarvis","msg":"retryPlaceholders/interval: Found 0 expired items"}
{"level":30,"time":"2021-06-16T01:37:55.141Z","pid":23626,"hostname":"jarvis","msg":"Sending a keepalive message"}
{"level":30,"time":"2021-06-16T01:38:02.210Z","pid":23626,"hostname":"jarvis","msg":"attachment_downloads/_maybeStartJob: no attachment jobs to run"}
{"level":30,"time":"2021-06-16T01:38:50.332Z","pid":23626,"hostname":"jarvis","msg":"Sending a keepalive message"}
{"level":30,"time":"2021-06-16T01:39:02.210Z","pid":23626,"hostname":"jarvis","msg":"attachment_downloads/_maybeStartJob: no attachment jobs to run"}
{"level":30,"time":"2021-06-16T01:39:45.523Z","pid":23626,"hostname":"jarvis","msg":"Sending a keepalive message"}
{"level":30,"time":"2021-06-16T01:40:02.210Z","pid":23626,"hostname":"jarvis","msg":"attachment_downloads/_maybeStartJob: no attachment jobs to run"}
{"level":30,"time":"2021-06-16T01:40:40.715Z","pid":23626,"hostname":"jarvis","msg":"Sending a keepalive message"}
{"level":30,"time":"2021-06-16T01:41:02.211Z","pid":23626,"hostname":"jarvis","msg":"attachment_downloads/_maybeStartJob: no attachment jobs to run"}
{"level":30,"time":"2021-06-16T01:41:35.906Z","pid":23626,"hostname":"jarvis","msg":"Sending a keepalive message"}
{"level":30,"time":"2021-06-16T01:42:02.211Z","pid":23626,"hostname":"jarvis","msg":"attachment_downloads/_maybeStartJob: no attachment jobs to run"}
{"level":30,"time":"2021-06-16T01:42:21.498Z","pid":23626,"hostname":"jarvis","msg":"RetryPlaceholders.getExpiredAndRemove: Found 0 expired items"}
{"level":30,"time":"2021-06-16T01:42:21.501Z","pid":23626,"hostname":"jarvis","msg":"retryPlaceholders/interval: Found 0 expired items"}
{"level":30,"time":"2021-06-16T01:42:31.098Z","pid":23626,"hostname":"jarvis","msg":"Sending a keepalive message"}
{"level":30,"time":"2021-06-16T01:43:02.211Z","pid":23626,"hostname":"jarvis","msg":"attachment_downloads/_maybeStartJob: no attachment jobs to run"}
{"level":30,"time":"2021-06-16T01:43:26.289Z","pid":23626,"hostname":"jarvis","msg":"Sending a keepalive message"}
{"level":30,"time":"2021-06-16T01:44:02.211Z","pid":23626,"hostname":"jarvis","msg":"attachment_downloads/_maybeStartJob: no attachment jobs to run"}
{"level":30,"time":"2021-06-16T01:44:21.548Z","pid":23626,"hostname":"jarvis","msg":"Sending a keepalive message"}
{"level":30,"time":"2021-06-16T01:45:02.212Z","pid":23626,"hostname":"jarvis","msg":"attachment_downloads/_maybeStartJob: no attachment jobs to run"}
{"level":30,"time":"2021-06-16T01:45:16.739Z","pid":23626,"hostname":"jarvis","msg":"Sending a keepalive message"}
{"level":30,"time":"2021-06-16T01:46:02.212Z","pid":23626,"hostname":"jarvis","msg":"attachment_downloads/_maybeStartJob: no attachment jobs to run"}
{"level":30,"time":"2021-06-16T01:46:11.931Z","pid":23626,"hostname":"jarvis","msg":"Sending a keepalive message"}
{"level":30,"time":"2021-06-16T01:47:02.212Z","pid":23626,"hostname":"jarvis","msg":"attachment_downloads/_maybeStartJob: no attachment jobs to run"}
{"level":30,"time":"2021-06-16T01:47:07.122Z","pid":23626,"hostname":"jarvis","msg":"Sending a keepalive message"}
{"level":30,"time":"2021-06-16T01:47:21.498Z","pid":23626,"hostname":"jarvis","msg":"RetryPlaceholders.getExpiredAndRemove: Found 0 expired items"}
{"level":30,"time":"2021-06-16T01:47:21.502Z","pid":23626,"hostname":"jarvis","msg":"retryPlaceholders/interval: Found 0 expired items"}
{"level":30,"time":"2021-06-16T01:48:02.212Z","pid":23626,"hostname":"jarvis","msg":"attachment_downloads/_maybeStartJob: no attachment jobs to run"}
{"level":30,"time":"2021-06-16T01:48:02.315Z","pid":23626,"hostname":"jarvis","msg":"Sending a keepalive message"}
{"level":30,"time":"2021-06-16T01:48:57.507Z","pid":23626,"hostname":"jarvis","msg":"Sending a keepalive message"}
{"level":30,"time":"2021-06-16T01:49:02.212Z","pid":23626,"hostname":"jarvis","msg":"attachment_downloads/_maybeStartJob: no attachment jobs to run"}
{"level":30,"time":"2021-06-16T01:49:52.699Z","pid":23626,"hostname":"jarvis","msg":"Sending a keepalive message"}
{"level":30,"time":"2021-06-16T01:50:02.213Z","pid":23626,"hostname":"jarvis","msg":"attachment_downloads/_maybeStartJob: no attachment jobs to run"}
{"level":30,"time":"2021-06-16T01:50:47.892Z","pid":23626,"hostname":"jarvis","msg":"Sending a keepalive message"}
{"level":30,"time":"2021-06-16T01:51:02.213Z","pid":23626,"hostname":"jarvis","msg":"attachment_downloads/_maybeStartJob: no attachment jobs to run"}
{"level":30,"time":"2021-06-16T01:51:43.082Z","pid":23626,"hostname":"jarvis","msg":"Sending a keepalive message"}
{"level":30,"time":"2021-06-16T01:52:02.213Z","pid":23626,"hostname":"jarvis","msg":"attachment_downloads/_maybeStartJob: no attachment jobs to run"}
{"level":30,"time":"2021-06-16T01:52:21.498Z","pid":23626,"hostname":"jarvis","msg":"RetryPlaceholders.getExpiredAndRemove: Found 0 expired items"}
{"level":30,"time":"2021-06-16T01:52:21.502Z","pid":23626,"hostname":"jarvis","msg":"retryPlaceholders/interval: Found 0 expired items"}
{"level":30,"time":"2021-06-16T01:52:38.274Z","pid":23626,"hostname":"jarvis","msg":"Sending a keepalive message"}
{"level":30,"time":"2021-06-16T01:53:02.214Z","pid":23626,"hostname":"jarvis","msg":"attachment_downloads/_maybeStartJob: no attachment jobs to run"}
{"level":30,"time":"2021-06-16T01:53:33.466Z","pid":23626,"hostname":"jarvis","msg":"Sending a keepalive message"}
{"level":30,"time":"2021-06-16T01:54:02.214Z","pid":23626,"hostname":"jarvis","msg":"attachment_downloads/_maybeStartJob: no attachment jobs to run"}
{"level":30,"time":"2021-06-16T01:54:28.658Z","pid":23626,"hostname":"jarvis","msg":"Sending a keepalive message"}
{"level":30,"time":"2021-06-16T01:55:02.214Z","pid":23626,"hostname":"jarvis","msg":"attachment_downloads/_maybeStartJob: no attachment jobs to run"}
{"level":30,"time":"2021-06-16T01:55:23.849Z","pid":23626,"hostname":"jarvis","msg":"Sending a keepalive message"}
{"level":30,"time":"2021-06-16T01:56:02.214Z","pid":23626,"hostname":"jarvis","msg":"attachment_downloads/_maybeStartJob: no attachment jobs to run"}
{"level":30,"time":"2021-06-16T01:56:19.040Z","pid":23626,"hostname":"jarvis","msg":"Sending a keepalive message"}
{"level":30,"time":"2021-06-16T01:57:02.214Z","pid":23626,"hostname":"jarvis","msg":"attachment_downloads/_maybeStartJob: no attachment jobs to run"}
{"level":30,"time":"2021-06-16T01:57:14.232Z","pid":23626,"hostname":"jarvis","msg":"Sending a keepalive message"}
{"level":30,"time":"2021-06-16T01:57:21.498Z","pid":23626,"hostname":"jarvis","msg":"RetryPlaceholders.getExpiredAndRemove: Found 0 expired items"}
{"level":30,"time":"2021-06-16T01:57:21.501Z","pid":23626,"hostname":"jarvis","msg":"retryPlaceholders/interval: Found 0 expired items"}
{"level":30,"time":"2021-06-16T01:58:02.215Z","pid":23626,"hostname":"jarvis","msg":"attachment_downloads/_maybeStartJob: no attachment jobs to run"}
{"level":30,"time":"2021-06-16T01:58:09.423Z","pid":23626,"hostname":"jarvis","msg":"Sending a keepalive message"}
{"level":30,"time":"2021-06-16T01:59:02.215Z","pid":23626,"hostname":"jarvis","msg":"attachment_downloads/_maybeStartJob: no attachment jobs to run"}
{"level":30,"time":"2021-06-16T01:59:04.619Z","pid":23626,"hostname":"jarvis","msg":"Sending a keepalive message"}
{"level":30,"time":"2021-06-16T01:59:59.810Z","pid":23626,"hostname":"jarvis","msg":"Sending a keepalive message"}
{"level":30,"time":"2021-06-16T02:00:02.216Z","pid":23626,"hostname":"jarvis","msg":"attachment_downloads/_maybeStartJob: no attachment jobs to run"}
{"level":30,"time":"2021-06-16T02:00:55.000Z","pid":23626,"hostname":"jarvis","msg":"Sending a keepalive message"}
{"level":30,"time":"2021-06-16T02:01:02.216Z","pid":23626,"hostname":"jarvis","msg":"attachment_downloads/_maybeStartJob: no attachment jobs to run"}
{"level":30,"time":"2021-06-16T02:01:50.191Z","pid":23626,"hostname":"jarvis","msg":"Sending a keepalive message"}
{"level":30,"time":"2021-06-16T02:02:02.216Z","pid":23626,"hostname":"jarvis","msg":"attachment_downloads/_maybeStartJob: no attachment jobs to run"}
{"level":30,"time":"2021-06-16T02:02:21.498Z","pid":23626,"hostname":"jarvis","msg":"RetryPlaceholders.getExpiredAndRemove: Found 0 expired items"}
{"level":30,"time":"2021-06-16T02:02:21.501Z","pid":23626,"hostname":"jarvis","msg":"retryPlaceholders/interval: Found 0 expired items"}
{"level":30,"time":"2021-06-16T02:02:45.383Z","pid":23626,"hostname":"jarvis","msg":"Sending a keepalive message"}
{"level":30,"time":"2021-06-16T02:03:02.216Z","pid":23626,"hostname":"jarvis","msg":"attachment_downloads/_maybeStartJob: no attachment jobs to run"}
{"level":30,"time":"2021-06-16T02:03:40.574Z","pid":23626,"hostname":"jarvis","msg":"Sending a keepalive message"}
{"level":30,"time":"2021-06-16T02:04:02.216Z","pid":23626,"hostname":"jarvis","msg":"attachment_downloads/_maybeStartJob: no attachment jobs to run"}
{"level":30,"time":"2021-06-16T02:04:35.765Z","pid":23626,"hostname":"jarvis","msg":"Sending a keepalive message"}
{"level":30,"time":"2021-06-16T02:05:02.216Z","pid":23626,"hostname":"jarvis","msg":"attachment_downloads/_maybeStartJob: no attachment jobs to run"}
{"level":30,"time":"2021-06-16T02:05:30.956Z","pid":23626,"hostname":"jarvis","msg":"Sending a keepalive message"}
{"level":30,"time":"2021-06-16T02:06:02.217Z","pid":23626,"hostname":"jarvis","msg":"attachment_downloads/_maybeStartJob: no attachment jobs to run"}
{"level":30,"time":"2021-06-16T02:06:26.148Z","pid":23626,"hostname":"jarvis","msg":"Sending a keepalive message"}
{"level":30,"time":"2021-06-16T02:07:02.217Z","pid":23626,"hostname":"jarvis","msg":"attachment_downloads/_maybeStartJob: no attachment jobs to run"}
{"level":30,"time":"2021-06-16T02:07:21.340Z","pid":23626,"hostname":"jarvis","msg":"Sending a keepalive message"}
{"level":30,"time":"2021-06-16T02:07:21.498Z","pid":23626,"hostname":"jarvis","msg":"RetryPlaceholders.getExpiredAndRemove: Found 0 expired items"}
{"level":30,"time":"2021-06-16T02:07:21.501Z","pid":23626,"hostname":"jarvis","msg":"retryPlaceholders/interval: Found 0 expired items"}
{"level":30,"time":"2021-06-16T02:08:02.217Z","pid":23626,"hostname":"jarvis","msg":"attachment_downloads/_maybeStartJob: no attachment jobs to run"}
{"level":30,"time":"2021-06-16T02:08:16.531Z","pid":23626,"hostname":"jarvis","msg":"Sending a keepalive message"}
{"level":30,"time":"2021-06-16T02:09:02.217Z","pid":23626,"hostname":"jarvis","msg":"attachment_downloads/_maybeStartJob: no attachment jobs to run"}
{"level":30,"time":"2021-06-16T02:09:11.722Z","pid":23626,"hostname":"jarvis","msg":"Sending a keepalive message"}
{"level":30,"time":"2021-06-16T02:10:02.217Z","pid":23626,"hostname":"jarvis","msg":"attachment_downloads/_maybeStartJob: no attachment jobs to run"}
{"level":30,"time":"2021-06-16T02:10:06.913Z","pid":23626,"hostname":"jarvis","msg":"Sending a keepalive message"}
{"level":30,"time":"2021-06-16T02:11:02.104Z","pid":23626,"hostname":"jarvis","msg":"Sending a keepalive message"}
{"level":30,"time":"2021-06-16T02:11:02.218Z","pid":23626,"hostname":"jarvis","msg":"attachment_downloads/_maybeStartJob: no attachment jobs to run"}
{"level":30,"time":"2021-06-16T02:11:57.296Z","pid":23626,"hostname":"jarvis","msg":"Sending a keepalive message"}
{"level":30,"time":"2021-06-16T02:12:02.218Z","pid":23626,"hostname":"jarvis","msg":"attachment_downloads/_maybeStartJob: no attachment jobs to run"}
{"level":30,"time":"2021-06-16T02:12:21.498Z","pid":23626,"hostname":"jarvis","msg":"RetryPlaceholders.getExpiredAndRemove: Found 0 expired items"}
{"level":30,"time":"2021-06-16T02:12:21.501Z","pid":23626,"hostname":"jarvis","msg":"retryPlaceholders/interval: Found 0 expired items"}
{"level":30,"time":"2021-06-16T02:12:52.488Z","pid":23626,"hostname":"jarvis","msg":"Sending a keepalive message"}
{"level":30,"time":"2021-06-16T02:13:02.218Z","pid":23626,"hostname":"jarvis","msg":"attachment_downloads/_maybeStartJob: no attachment jobs to run"}
{"level":30,"time":"2021-06-16T02:13:47.679Z","pid":23626,"hostname":"jarvis","msg":"Sending a keepalive message"}
{"level":30,"time":"2021-06-16T02:14:02.219Z","pid":23626,"hostname":"jarvis","msg":"attachment_downloads/_maybeStartJob: no attachment jobs to run"}
{"level":30,"time":"2021-06-16T02:14:42.871Z","pid":23626,"hostname":"jarvis","msg":"Sending a keepalive message"}
{"level":30,"time":"2021-06-16T02:15:02.219Z","pid":23626,"hostname":"jarvis","msg":"attachment_downloads/_maybeStartJob: no attachment jobs to run"}
{"level":30,"time":"2021-06-16T02:15:38.061Z","pid":23626,"hostname":"jarvis","msg":"Sending a keepalive message"}
{"level":30,"time":"2021-06-16T02:16:02.219Z","pid":23626,"hostname":"jarvis","msg":"attachment_downloads/_maybeStartJob: no attachment jobs to run"}
{"level":30,"time":"2021-06-16T02:16:33.252Z","pid":23626,"hostname":"jarvis","msg":"Sending a keepalive message"}
{"level":30,"time":"2021-06-16T02:17:02.219Z","pid":23626,"hostname":"jarvis","msg":"attachment_downloads/_maybeStartJob: no attachment jobs to run"}
{"level":30,"time":"2021-06-16T02:17:21.498Z","pid":23626,"hostname":"jarvis","msg":"RetryPlaceholders.getExpiredAndRemove: Found 0 expired items"}
{"level":30,"time":"2021-06-16T02:17:21.502Z","pid":23626,"hostname":"jarvis","msg":"retryPlaceholders/interval: Found 0 expired items"}
{"level":30,"time":"2021-06-16T02:17:28.443Z","pid":23626,"hostname":"jarvis","msg":"Sending a keepalive message"}
{"level":30,"time":"2021-06-16T02:18:02.220Z","pid":23626,"hostname":"jarvis","msg":"attachment_downloads/_maybeStartJob: no attachment jobs to run"}
{"level":30,"time":"2021-06-16T02:18:23.635Z","pid":23626,"hostname":"jarvis","msg":"Sending a keepalive message"}
{"level":30,"time":"2021-06-16T02:19:02.220Z","pid":23626,"hostname":"jarvis","msg":"attachment_downloads/_maybeStartJob: no attachment jobs to run"}
{"level":30,"time":"2021-06-16T02:19:18.825Z","pid":23626,"hostname":"jarvis","msg":"Sending a keepalive message"}
{"level":30,"time":"2021-06-16T02:20:02.220Z","pid":23626,"hostname":"jarvis","msg":"attachment_downloads/_maybeStartJob: no attachment jobs to run"}
{"level":30,"time":"2021-06-16T02:20:14.016Z","pid":23626,"hostname":"jarvis","msg":"Sending a keepalive message"}
{"level":30,"time":"2021-06-16T02:21:02.220Z","pid":23626,"hostname":"jarvis","msg":"attachment_downloads/_maybeStartJob: no attachment jobs to run"}
{"level":30,"time":"2021-06-16T02:21:09.208Z","pid":23626,"hostname":"jarvis","msg":"Sending a keepalive message"}
{"level":30,"time":"2021-06-16T02:22:02.221Z","pid":23626,"hostname":"jarvis","msg":"attachment_downloads/_maybeStartJob: no attachment jobs to run"}
{"level":30,"time":"2021-06-16T02:22:04.399Z","pid":23626,"hostname":"jarvis","msg":"Sending a keepalive message"}
{"level":30,"time":"2021-06-16T02:22:21.498Z","pid":23626,"hostname":"jarvis","msg":"RetryPlaceholders.getExpiredAndRemove: Found 0 expired items"}
{"level":30,"time":"2021-06-16T02:22:21.501Z","pid":23626,"hostname":"jarvis","msg":"retryPlaceholders/interval: Found 0 expired items"}
{"level":30,"time":"2021-06-16T02:22:59.591Z","pid":23626,"hostname":"jarvis","msg":"Sending a keepalive message"}
{"level":30,"time":"2021-06-16T02:23:02.221Z","pid":23626,"hostname":"jarvis","msg":"attachment_downloads/_maybeStartJob: no attachment jobs to run"}
{"level":30,"time":"2021-06-16T02:23:54.781Z","pid":23626,"hostname":"jarvis","msg":"Sending a keepalive message"}
{"level":30,"time":"2021-06-16T02:24:02.221Z","pid":23626,"hostname":"jarvis","msg":"attachment_downloads/_maybeStartJob: no attachment jobs to run"}
{"level":30,"time":"2021-06-16T02:24:49.972Z","pid":23626,"hostname":"jarvis","msg":"Sending a keepalive message"}
{"level":30,"time":"2021-06-16T02:25:02.222Z","pid":23626,"hostname":"jarvis","msg":"attachment_downloads/_maybeStartJob: no attachment jobs to run"}
{"level":30,"time":"2021-06-16T02:25:45.163Z","pid":23626,"hostname":"jarvis","msg":"Sending a keepalive message"}
{"level":30,"time":"2021-06-16T02:26:02.222Z","pid":23626,"hostname":"jarvis","msg":"attachment_downloads/_maybeStartJob: no attachment jobs to run"}
{"level":30,"time":"2021-06-16T02:26:40.354Z","pid":23626,"hostname":"jarvis","msg":"Sending a keepalive message"}
{"level":30,"time":"2021-06-16T02:27:02.222Z","pid":23626,"hostname":"jarvis","msg":"attachment_downloads/_maybeStartJob: no attachment jobs to run"}
{"level":30,"time":"2021-06-16T02:27:21.498Z","pid":23626,"hostname":"jarvis","msg":"RetryPlaceholders.getExpiredAndRemove: Found 0 expired items"}
{"level":30,"time":"2021-06-16T02:27:21.501Z","pid":23626,"hostname":"jarvis","msg":"retryPlaceholders/interval: Found 0 expired items"}
{"level":30,"time":"2021-06-16T02:27:35.545Z","pid":23626,"hostname":"jarvis","msg":"Sending a keepalive message"}
{"level":30,"time":"2021-06-16T02:28:02.223Z","pid":23626,"hostname":"jarvis","msg":"attachment_downloads/_maybeStartJob: no attachment jobs to run"}
{"level":30,"time":"2021-06-16T02:28:30.736Z","pid":23626,"hostname":"jarvis","msg":"Sending a keepalive message"}
{"level":30,"time":"2021-06-16T02:29:02.223Z","pid":23626,"hostname":"jarvis","msg":"attachment_downloads/_maybeStartJob: no attachment jobs to run"}
{"level":30,"time":"2021-06-16T02:29:25.927Z","pid":23626,"hostname":"jarvis","msg":"Sending a keepalive message"}
{"level":30,"time":"2021-06-16T02:30:02.223Z","pid":23626,"hostname":"jarvis","msg":"attachment_downloads/_maybeStartJob: no attachment jobs to run"}
{"level":30,"time":"2021-06-16T02:30:21.119Z","pid":23626,"hostname":"jarvis","msg":"Sending a keepalive message"}
{"level":30,"time":"2021-06-16T02:31:02.223Z","pid":23626,"hostname":"jarvis","msg":"attachment_downloads/_maybeStartJob: no attachment jobs to run"}
{"level":30,"time":"2021-06-16T02:31:16.309Z","pid":23626,"hostname":"jarvis","msg":"Sending a keepalive message"}
{"level":30,"time":"2021-06-16T02:32:02.224Z","pid":23626,"hostname":"jarvis","msg":"attachment_downloads/_maybeStartJob: no attachment jobs to run"}
{"level":30,"time":"2021-06-16T02:32:11.501Z","pid":23626,"hostname":"jarvis","msg":"Sending a keepalive message"}
{"level":30,"time":"2021-06-16T02:32:21.498Z","pid":23626,"hostname":"jarvis","msg":"RetryPlaceholders.getExpiredAndRemove: Found 0 expired items"}
{"level":30,"time":"2021-06-16T02:32:21.502Z","pid":23626,"hostname":"jarvis","msg":"retryPlaceholders/interval: Found 0 expired items"}
{"level":30,"time":"2021-06-16T02:33:02.224Z","pid":23626,"hostname":"jarvis","msg":"attachment_downloads/_maybeStartJob: no attachment jobs to run"}
{"level":30,"time":"2021-06-16T02:33:06.692Z","pid":23626,"hostname":"jarvis","msg":"Sending a keepalive message"}
{"level":30,"time":"2021-06-16T02:34:01.882Z","pid":23626,"hostname":"jarvis","msg":"Sending a keepalive message"}
{"level":30,"time":"2021-06-16T02:34:02.224Z","pid":23626,"hostname":"jarvis","msg":"attachment_downloads/_maybeStartJob: no attachment jobs to run"}
{"level":30,"time":"2021-06-16T02:34:57.073Z","pid":23626,"hostname":"jarvis","msg":"Sending a keepalive message"}
{"level":30,"time":"2021-06-16T02:35:02.225Z","pid":23626,"hostname":"jarvis","msg":"attachment_downloads/_maybeStartJob: no attachment jobs to run"}
{"level":30,"time":"2021-06-16T02:35:52.265Z","pid":23626,"hostname":"jarvis","msg":"Sending a keepalive message"}
{"level":30,"time":"2021-06-16T02:36:02.225Z","pid":23626,"hostname":"jarvis","msg":"attachment_downloads/_maybeStartJob: no attachment jobs to run"}
{"level":30,"time":"2021-06-16T02:36:47.457Z","pid":23626,"hostname":"jarvis","msg":"Sending a keepalive message"}
{"level":30,"time":"2021-06-16T02:37:02.225Z","pid":23626,"hostname":"jarvis","msg":"attachment_downloads/_maybeStartJob: no attachment jobs to run"}
{"level":30,"time":"2021-06-16T02:37:21.498Z","pid":23626,"hostname":"jarvis","msg":"RetryPlaceholders.getExpiredAndRemove: Found 0 expired items"}
{"level":30,"time":"2021-06-16T02:37:21.501Z","pid":23626,"hostname":"jarvis","msg":"retryPlaceholders/interval: Found 0 expired items"}
{"level":30,"time":"2021-06-16T02:37:42.648Z","pid":23626,"hostname":"jarvis","msg":"Sending a keepalive message"}
{"level":30,"time":"2021-06-16T02:38:02.225Z","pid":23626,"hostname":"jarvis","msg":"attachment_downloads/_maybeStartJob: no attachment jobs to run"}
{"level":30,"time":"2021-06-16T02:38:37.839Z","pid":23626,"hostname":"jarvis","msg":"Sending a keepalive message"}
{"level":30,"time":"2021-06-16T02:39:02.226Z","pid":23626,"hostname":"jarvis","msg":"attachment_downloads/_maybeStartJob: no attachment jobs to run"}
{"level":30,"time":"2021-06-16T02:39:33.031Z","pid":23626,"hostname":"jarvis","msg":"Sending a keepalive message"}
{"level":30,"time":"2021-06-16T02:40:02.226Z","pid":23626,"hostname":"jarvis","msg":"attachment_downloads/_maybeStartJob: no attachment jobs to run"}
{"level":30,"time":"2021-06-16T02:40:28.222Z","pid":23626,"hostname":"jarvis","msg":"Sending a keepalive message"}
{"level":30,"time":"2021-06-16T02:41:02.226Z","pid":23626,"hostname":"jarvis","msg":"attachment_downloads/_maybeStartJob: no attachment jobs to run"}
{"level":30,"time":"2021-06-16T02:41:23.414Z","pid":23626,"hostname":"jarvis","msg":"Sending a keepalive message"}
{"level":30,"time":"2021-06-16T02:42:02.227Z","pid":23626,"hostname":"jarvis","msg":"attachment_downloads/_maybeStartJob: no attachment jobs to run"}
{"level":30,"time":"2021-06-16T02:42:18.605Z","pid":23626,"hostname":"jarvis","msg":"Sending a keepalive message"}
{"level":30,"time":"2021-06-16T02:42:21.498Z","pid":23626,"hostname":"jarvis","msg":"RetryPlaceholders.getExpiredAndRemove: Found 0 expired items"}
{"level":30,"time":"2021-06-16T02:42:21.501Z","pid":23626,"hostname":"jarvis","msg":"retryPlaceholders/interval: Found 0 expired items"}
{"level":30,"time":"2021-06-16T02:43:02.227Z","pid":23626,"hostname":"jarvis","msg":"attachment_downloads/_maybeStartJob: no attachment jobs to run"}
{"level":30,"time":"2021-06-16T02:43:13.796Z","pid":23626,"hostname":"jarvis","msg":"Sending a keepalive message"}
{"level":30,"time":"2021-06-16T02:44:02.227Z","pid":23626,"hostname":"jarvis","msg":"attachment_downloads/_maybeStartJob: no attachment jobs to run"}
{"level":30,"time":"2021-06-16T02:44:08.987Z","pid":23626,"hostname":"jarvis","msg":"Sending a keepalive message"}
{"level":30,"time":"2021-06-16T02:45:02.228Z","pid":23626,"hostname":"jarvis","msg":"attachment_downloads/_maybeStartJob: no attachment jobs to run"}
{"level":30,"time":"2021-06-16T02:45:04.178Z","pid":23626,"hostname":"jarvis","msg":"Sending a keepalive message"}
{"level":30,"time":"2021-06-16T02:45:59.370Z","pid":23626,"hostname":"jarvis","msg":"Sending a keepalive message"}
{"level":30,"time":"2021-06-16T02:46:02.228Z","pid":23626,"hostname":"jarvis","msg":"attachment_downloads/_maybeStartJob: no attachment jobs to run"}
{"level":30,"time":"2021-06-16T02:46:54.561Z","pid":23626,"hostname":"jarvis","msg":"Sending a keepalive message"}
{"level":30,"time":"2021-06-16T02:47:02.228Z","pid":23626,"hostname":"jarvis","msg":"attachment_downloads/_maybeStartJob: no attachment jobs to run"}
{"level":30,"time":"2021-06-16T02:47:21.498Z","pid":23626,"hostname":"jarvis","msg":"RetryPlaceholders.getExpiredAndRemove: Found 0 expired items"}
{"level":30,"time":"2021-06-16T02:47:21.501Z","pid":23626,"hostname":"jarvis","msg":"retryPlaceholders/interval: Found 0 expired items"}
{"level":30,"time":"2021-06-16T02:47:49.752Z","pid":23626,"hostname":"jarvis","msg":"Sending a keepalive message"}
{"level":30,"time":"2021-06-16T02:48:02.228Z","pid":23626,"hostname":"jarvis","msg":"attachment_downloads/_maybeStartJob: no attachment jobs to run"}
{"level":30,"time":"2021-06-16T02:48:44.943Z","pid":23626,"hostname":"jarvis","msg":"Sending a keepalive message"}
{"level":30,"time":"2021-06-16T02:49:02.229Z","pid":23626,"hostname":"jarvis","msg":"attachment_downloads/_maybeStartJob: no attachment jobs to run"}
{"level":30,"time":"2021-06-16T02:49:40.135Z","pid":23626,"hostname":"jarvis","msg":"Sending a keepalive message"}
{"level":30,"time":"2021-06-16T02:50:02.229Z","pid":23626,"hostname":"jarvis","msg":"attachment_downloads/_maybeStartJob: no attachment jobs to run"}
{"level":30,"time":"2021-06-16T02:50:35.327Z","pid":23626,"hostname":"jarvis","msg":"Sending a keepalive message"}
{"level":30,"time":"2021-06-16T02:51:02.230Z","pid":23626,"hostname":"jarvis","msg":"attachment_downloads/_maybeStartJob: no attachment jobs to run"}
{"level":30,"time":"2021-06-16T02:51:30.518Z","pid":23626,"hostname":"jarvis","msg":"Sending a keepalive message"}
{"level":30,"time":"2021-06-16T02:52:02.230Z","pid":23626,"hostname":"jarvis","msg":"attachment_downloads/_maybeStartJob: no attachment jobs to run"}
{"level":30,"time":"2021-06-16T02:52:21.498Z","pid":23626,"hostname":"jarvis","msg":"RetryPlaceholders.getExpiredAndRemove: Found 0 expired items"}
{"level":30,"time":"2021-06-16T02:52:21.501Z","pid":23626,"hostname":"jarvis","msg":"retryPlaceholders/interval: Found 0 expired items"}
{"level":30,"time":"2021-06-16T02:52:25.709Z","pid":23626,"hostname":"jarvis","msg":"Sending a keepalive message"}
{"level":30,"time":"2021-06-16T02:53:02.230Z","pid":23626,"hostname":"jarvis","msg":"attachment_downloads/_maybeStartJob: no attachment jobs to run"}
{"level":30,"time":"2021-06-16T02:53:20.901Z","pid":23626,"hostname":"jarvis","msg":"Sending a keepalive message"}
{"level":30,"time":"2021-06-16T02:54:02.230Z","pid":23626,"hostname":"jarvis","msg":"attachment_downloads/_maybeStartJob: no attachment jobs to run"}
{"level":30,"time":"2021-06-16T02:54:16.092Z","pid":23626,"hostname":"jarvis","msg":"Sending a keepalive message"}
{"level":30,"time":"2021-06-16T02:55:02.231Z","pid":23626,"hostname":"jarvis","msg":"attachment_downloads/_maybeStartJob: no attachment jobs to run"}
{"level":30,"time":"2021-06-16T02:55:11.284Z","pid":23626,"hostname":"jarvis","msg":"Sending a keepalive message"}
{"level":30,"time":"2021-06-16T02:56:02.231Z","pid":23626,"hostname":"jarvis","msg":"attachment_downloads/_maybeStartJob: no attachment jobs to run"}
{"level":30,"time":"2021-06-16T02:56:06.501Z","pid":23626,"hostname":"jarvis","msg":"Sending a keepalive message"}
{"level":30,"time":"2021-06-16T02:57:01.692Z","pid":23626,"hostname":"jarvis","msg":"Sending a keepalive message"}
{"level":30,"time":"2021-06-16T02:57:02.232Z","pid":23626,"hostname":"jarvis","msg":"attachment_downloads/_maybeStartJob: no attachment jobs to run"}
{"level":30,"time":"2021-06-16T02:57:21.498Z","pid":23626,"hostname":"jarvis","msg":"RetryPlaceholders.getExpiredAndRemove: Found 0 expired items"}
{"level":30,"time":"2021-06-16T02:57:21.501Z","pid":23626,"hostname":"jarvis","msg":"retryPlaceholders/interval: Found 0 expired items"}
{"level":30,"time":"2021-06-16T02:57:56.883Z","pid":23626,"hostname":"jarvis","msg":"Sending a keepalive message"}
{"level":30,"time":"2021-06-16T02:58:02.232Z","pid":23626,"hostname":"jarvis","msg":"attachment_downloads/_maybeStartJob: no attachment jobs to run"}
{"level":30,"time":"2021-06-16T02:58:52.074Z","pid":23626,"hostname":"jarvis","msg":"Sending a keepalive message"}
{"level":30,"time":"2021-06-16T02:59:02.232Z","pid":23626,"hostname":"jarvis","msg":"attachment_downloads/_maybeStartJob: no attachment jobs to run"}
{"level":30,"time":"2021-06-16T02:59:47.265Z","pid":23626,"hostname":"jarvis","msg":"Sending a keepalive message"}
{"level":30,"time":"2021-06-16T03:00:02.233Z","pid":23626,"hostname":"jarvis","msg":"attachment_downloads/_maybeStartJob: no attachment jobs to run"}
{"level":30,"time":"2021-06-16T03:00:42.456Z","pid":23626,"hostname":"jarvis","msg":"Sending a keepalive message"}
{"level":30,"time":"2021-06-16T03:01:02.233Z","pid":23626,"hostname":"jarvis","msg":"attachment_downloads/_maybeStartJob: no attachment jobs to run"}
{"level":30,"time":"2021-06-16T03:01:37.647Z","pid":23626,"hostname":"jarvis","msg":"Sending a keepalive message"}
{"level":30,"time":"2021-06-16T03:02:02.233Z","pid":23626,"hostname":"jarvis","msg":"attachment_downloads/_maybeStartJob: no attachment jobs to run"}
{"level":30,"time":"2021-06-16T03:02:21.498Z","pid":23626,"hostname":"jarvis","msg":"RetryPlaceholders.getExpiredAndRemove: Found 0 expired items"}
{"level":30,"time":"2021-06-16T03:02:21.501Z","pid":23626,"hostname":"jarvis","msg":"retryPlaceholders/interval: Found 0 expired items"}
{"level":30,"time":"2021-06-16T03:02:32.838Z","pid":23626,"hostname":"jarvis","msg":"Sending a keepalive message"}
{"level":30,"time":"2021-06-16T03:03:02.233Z","pid":23626,"hostname":"jarvis","msg":"attachment_downloads/_maybeStartJob: no attachment jobs to run"}
{"level":30,"time":"2021-06-16T03:03:28.030Z","pid":23626,"hostname":"jarvis","msg":"Sending a keepalive message"}
{"level":30,"time":"2021-06-16T03:04:02.234Z","pid":23626,"hostname":"jarvis","msg":"attachment_downloads/_maybeStartJob: no attachment jobs to run"}
{"level":30,"time":"2021-06-16T03:04:23.221Z","pid":23626,"hostname":"jarvis","msg":"Sending a keepalive message"}
{"level":30,"time":"2021-06-16T03:05:02.234Z","pid":23626,"hostname":"jarvis","msg":"attachment_downloads/_maybeStartJob: no attachment jobs to run"}
{"level":30,"time":"2021-06-16T03:05:18.413Z","pid":23626,"hostname":"jarvis","msg":"Sending a keepalive message"}
{"level":30,"time":"2021-06-16T03:06:02.234Z","pid":23626,"hostname":"jarvis","msg":"attachment_downloads/_maybeStartJob: no attachment jobs to run"}
{"level":30,"time":"2021-06-16T03:06:13.604Z","pid":23626,"hostname":"jarvis","msg":"Sending a keepalive message"}
{"level":30,"time":"2021-06-16T03:07:02.235Z","pid":23626,"hostname":"jarvis","msg":"attachment_downloads/_maybeStartJob: no attachment jobs to run"}
{"level":30,"time":"2021-06-16T03:07:08.795Z","pid":23626,"hostname":"jarvis","msg":"Sending a keepalive message"}
{"level":30,"time":"2021-06-16T03:07:21.498Z","pid":23626,"hostname":"jarvis","msg":"RetryPlaceholders.getExpiredAndRemove: Found 0 expired items"}
{"level":30,"time":"2021-06-16T03:07:21.501Z","pid":23626,"hostname":"jarvis","msg":"retryPlaceholders/interval: Found 0 expired items"}
{"level":30,"time":"2021-06-16T03:08:02.235Z","pid":23626,"hostname":"jarvis","msg":"attachment_downloads/_maybeStartJob: no attachment jobs to run"}
{"level":30,"time":"2021-06-16T03:08:03.985Z","pid":23626,"hostname":"jarvis","msg":"Sending a keepalive message"}
{"level":30,"time":"2021-06-16T03:08:59.176Z","pid":23626,"hostname":"jarvis","msg":"Sending a keepalive message"}
{"level":30,"time":"2021-06-16T03:09:02.236Z","pid":23626,"hostname":"jarvis","msg":"attachment_downloads/_maybeStartJob: no attachment jobs to run"}
{"level":30,"time":"2021-06-16T03:09:54.368Z","pid":23626,"hostname":"jarvis","msg":"Sending a keepalive message"}
{"level":30,"time":"2021-06-16T03:10:02.236Z","pid":23626,"hostname":"jarvis","msg":"attachment_downloads/_maybeStartJob: no attachment jobs to run"}
{"level":30,"time":"2021-06-16T03:10:49.558Z","pid":23626,"hostname":"jarvis","msg":"Sending a keepalive message"}
{"level":30,"time":"2021-06-16T03:11:02.237Z","pid":23626,"hostname":"jarvis","msg":"attachment_downloads/_maybeStartJob: no attachment jobs to run"}
{"level":30,"time":"2021-06-16T03:11:44.749Z","pid":23626,"hostname":"jarvis","msg":"Sending a keepalive message"}
{"level":30,"time":"2021-06-16T03:12:02.237Z","pid":23626,"hostname":"jarvis","msg":"attachment_downloads/_maybeStartJob: no attachment jobs to run"}
{"level":30,"time":"2021-06-16T03:12:21.498Z","pid":23626,"hostname":"jarvis","msg":"RetryPlaceholders.getExpiredAndRemove: Found 0 expired items"}
{"level":30,"time":"2021-06-16T03:12:21.501Z","pid":23626,"hostname":"jarvis","msg":"retryPlaceholders/interval: Found 0 expired items"}
{"level":30,"time":"2021-06-16T03:12:39.940Z","pid":23626,"hostname":"jarvis","msg":"Sending a keepalive message"}
{"level":30,"time":"2021-06-16T03:13:02.237Z","pid":23626,"hostname":"jarvis","msg":"attachment_downloads/_maybeStartJob: no attachment jobs to run"}
{"level":30,"time":"2021-06-16T03:13:35.131Z","pid":23626,"hostname":"jarvis","msg":"Sending a keepalive message"}
{"level":30,"time":"2021-06-16T03:14:02.237Z","pid":23626,"hostname":"jarvis","msg":"attachment_downloads/_maybeStartJob: no attachment jobs to run"}
{"level":30,"time":"2021-06-16T03:14:30.323Z","pid":23626,"hostname":"jarvis","msg":"Sending a keepalive message"}
{"level":30,"time":"2021-06-16T03:15:02.238Z","pid":23626,"hostname":"jarvis","msg":"attachment_downloads/_maybeStartJob: no attachment jobs to run"}
{"level":30,"time":"2021-06-16T03:15:25.513Z","pid":23626,"hostname":"jarvis","msg":"Sending a keepalive message"}
{"level":30,"time":"2021-06-16T03:16:02.238Z","pid":23626,"hostname":"jarvis","msg":"attachment_downloads/_maybeStartJob: no attachment jobs to run"}
{"level":30,"time":"2021-06-16T03:16:20.704Z","pid":23626,"hostname":"jarvis","msg":"Sending a keepalive message"}
{"level":30,"time":"2021-06-16T03:17:02.239Z","pid":23626,"hostname":"jarvis","msg":"attachment_downloads/_maybeStartJob: no attachment jobs to run"}
{"level":30,"time":"2021-06-16T03:17:15.896Z","pid":23626,"hostname":"jarvis","msg":"Sending a keepalive message"}
{"level":30,"time":"2021-06-16T03:17:21.498Z","pid":23626,"hostname":"jarvis","msg":"RetryPlaceholders.getExpiredAndRemove: Found 0 expired items"}
{"level":30,"time":"2021-06-16T03:17:21.501Z","pid":23626,"hostname":"jarvis","msg":"retryPlaceholders/interval: Found 0 expired items"}
{"level":30,"time":"2021-06-16T03:18:02.239Z","pid":23626,"hostname":"jarvis","msg":"attachment_downloads/_maybeStartJob: no attachment jobs to run"}
{"level":30,"time":"2021-06-16T03:18:11.088Z","pid":23626,"hostname":"jarvis","msg":"Sending a keepalive message"}
{"level":30,"time":"2021-06-16T03:19:02.239Z","pid":23626,"hostname":"jarvis","msg":"attachment_downloads/_maybeStartJob: no attachment jobs to run"}
{"level":30,"time":"2021-06-16T03:19:06.278Z","pid":23626,"hostname":"jarvis","msg":"Sending a keepalive message"}
{"level":30,"time":"2021-06-16T03:20:01.469Z","pid":23626,"hostname":"jarvis","msg":"Sending a keepalive message"}
{"level":30,"time":"2021-06-16T03:20:02.239Z","pid":23626,"hostname":"jarvis","msg":"attachment_downloads/_maybeStartJob: no attachment jobs to run"}
{"level":30,"time":"2021-06-16T03:20:56.661Z","pid":23626,"hostname":"jarvis","msg":"Sending a keepalive message"}
{"level":30,"time":"2021-06-16T03:21:02.240Z","pid":23626,"hostname":"jarvis","msg":"attachment_downloads/_maybeStartJob: no attachment jobs to run"}
{"level":30,"time":"2021-06-16T03:21:51.852Z","pid":23626,"hostname":"jarvis","msg":"Sending a keepalive message"}
{"level":30,"time":"2021-06-16T03:22:02.240Z","pid":23626,"hostname":"jarvis","msg":"attachment_downloads/_maybeStartJob: no attachment jobs to run"}
{"level":30,"time":"2021-06-16T03:22:21.498Z","pid":23626,"hostname":"jarvis","msg":"RetryPlaceholders.getExpiredAndRemove: Found 0 expired items"}
{"level":30,"time":"2021-06-16T03:22:21.501Z","pid":23626,"hostname":"jarvis","msg":"retryPlaceholders/interval: Found 0 expired items"}
{"level":30,"time":"2021-06-16T03:22:47.042Z","pid":23626,"hostname":"jarvis","msg":"Sending a keepalive message"}
{"level":30,"time":"2021-06-16T03:23:02.240Z","pid":23626,"hostname":"jarvis","msg":"attachment_downloads/_maybeStartJob: no attachment jobs to run"}
{"level":30,"time":"2021-06-16T03:23:42.233Z","pid":23626,"hostname":"jarvis","msg":"Sending a keepalive message"}
{"level":30,"time":"2021-06-16T03:24:02.240Z","pid":23626,"hostname":"jarvis","msg":"attachment_downloads/_maybeStartJob: no attachment jobs to run"}
{"level":30,"time":"2021-06-16T03:24:37.424Z","pid":23626,"hostname":"jarvis","msg":"Sending a keepalive message"}
{"level":30,"time":"2021-06-16T03:25:02.240Z","pid":23626,"hostname":"jarvis","msg":"attachment_downloads/_maybeStartJob: no attachment jobs to run"}
{"level":30,"time":"2021-06-16T03:25:32.615Z","pid":23626,"hostname":"jarvis","msg":"Sending a keepalive message"}
{"level":30,"time":"2021-06-16T03:26:02.241Z","pid":23626,"hostname":"jarvis","msg":"attachment_downloads/_maybeStartJob: no attachment jobs to run"}
{"level":30,"time":"2021-06-16T03:26:27.806Z","pid":23626,"hostname":"jarvis","msg":"Sending a keepalive message"}
{"level":30,"time":"2021-06-16T03:27:02.241Z","pid":23626,"hostname":"jarvis","msg":"attachment_downloads/_maybeStartJob: no attachment jobs to run"}
{"level":30,"time":"2021-06-16T03:27:21.498Z","pid":23626,"hostname":"jarvis","msg":"RetryPlaceholders.getExpiredAndRemove: Found 0 expired items"}
{"level":30,"time":"2021-06-16T03:27:21.501Z","pid":23626,"hostname":"jarvis","msg":"retryPlaceholders/interval: Found 0 expired items"}
{"level":30,"time":"2021-06-16T03:27:22.997Z","pid":23626,"hostname":"jarvis","msg":"Sending a keepalive message"}
{"level":30,"time":"2021-06-16T03:28:02.241Z","pid":23626,"hostname":"jarvis","msg":"attachment_downloads/_maybeStartJob: no attachment jobs to run"}
{"level":30,"time":"2021-06-16T03:28:18.188Z","pid":23626,"hostname":"jarvis","msg":"Sending a keepalive message"}
{"level":30,"time":"2021-06-16T03:29:02.242Z","pid":23626,"hostname":"jarvis","msg":"attachment_downloads/_maybeStartJob: no attachment jobs to run"}
{"level":30,"time":"2021-06-16T03:29:13.379Z","pid":23626,"hostname":"jarvis","msg":"Sending a keepalive message"}
{"level":30,"time":"2021-06-16T03:30:02.242Z","pid":23626,"hostname":"jarvis","msg":"attachment_downloads/_maybeStartJob: no attachment jobs to run"}
{"level":30,"time":"2021-06-16T03:30:08.571Z","pid":23626,"hostname":"jarvis","msg":"Sending a keepalive message"}
{"level":30,"time":"2021-06-16T03:31:02.242Z","pid":23626,"hostname":"jarvis","msg":"attachment_downloads/_maybeStartJob: no attachment jobs to run"}
{"level":30,"time":"2021-06-16T03:31:03.763Z","pid":23626,"hostname":"jarvis","msg":"Sending a keepalive message"}
{"level":30,"time":"2021-06-16T03:31:58.955Z","pid":23626,"hostname":"jarvis","msg":"Sending a keepalive message"}
{"level":30,"time":"2021-06-16T03:32:02.242Z","pid":23626,"hostname":"jarvis","msg":"attachment_downloads/_maybeStartJob: no attachment jobs to run"}
{"level":30,"time":"2021-06-16T03:32:21.498Z","pid":23626,"hostname":"jarvis","msg":"RetryPlaceholders.getExpiredAndRemove: Found 0 expired items"}
{"level":30,"time":"2021-06-16T03:32:21.501Z","pid":23626,"hostname":"jarvis","msg":"retryPlaceholders/interval: Found 0 expired items"}
{"level":30,"time":"2021-06-16T03:32:54.147Z","pid":23626,"hostname":"jarvis","msg":"Sending a keepalive message"}
{"level":30,"time":"2021-06-16T03:33:02.242Z","pid":23626,"hostname":"jarvis","msg":"attachment_downloads/_maybeStartJob: no attachment jobs to run"}
{"level":30,"time":"2021-06-16T03:33:49.338Z","pid":23626,"hostname":"jarvis","msg":"Sending a keepalive message"}
{"level":30,"time":"2021-06-16T03:34:02.243Z","pid":23626,"hostname":"jarvis","msg":"attachment_downloads/_maybeStartJob: no attachment jobs to run"}
{"level":30,"time":"2021-06-16T03:34:44.530Z","pid":23626,"hostname":"jarvis","msg":"Sending a keepalive message"}
{"level":30,"time":"2021-06-16T03:35:02.243Z","pid":23626,"hostname":"jarvis","msg":"attachment_downloads/_maybeStartJob: no attachment jobs to run"}
{"level":30,"time":"2021-06-16T03:35:39.721Z","pid":23626,"hostname":"jarvis","msg":"Sending a keepalive message"}
{"level":30,"time":"2021-06-16T03:36:02.243Z","pid":23626,"hostname":"jarvis","msg":"attachment_downloads/_maybeStartJob: no attachment jobs to run"}
{"level":30,"time":"2021-06-16T03:36:34.912Z","pid":23626,"hostname":"jarvis","msg":"Sending a keepalive message"}
{"level":30,"time":"2021-06-16T03:37:02.244Z","pid":23626,"hostname":"jarvis","msg":"attachment_downloads/_maybeStartJob: no attachment jobs to run"}
{"level":30,"time":"2021-06-16T03:37:21.498Z","pid":23626,"hostname":"jarvis","msg":"RetryPlaceholders.getExpiredAndRemove: Found 0 expired items"}
{"level":30,"time":"2021-06-16T03:37:21.501Z","pid":23626,"hostname":"jarvis","msg":"retryPlaceholders/interval: Found 0 expired items"}
{"level":30,"time":"2021-06-16T03:37:30.104Z","pid":23626,"hostname":"jarvis","msg":"Sending a keepalive message"}
{"level":30,"time":"2021-06-16T03:38:02.244Z","pid":23626,"hostname":"jarvis","msg":"attachment_downloads/_maybeStartJob: no attachment jobs to run"}
{"level":30,"time":"2021-06-16T03:38:25.295Z","pid":23626,"hostname":"jarvis","msg":"Sending a keepalive message"}
{"level":30,"time":"2021-06-16T03:39:02.244Z","pid":23626,"hostname":"jarvis","msg":"attachment_downloads/_maybeStartJob: no attachment jobs to run"}
{"level":30,"time":"2021-06-16T03:39:20.486Z","pid":23626,"hostname":"jarvis","msg":"Sending a keepalive message"}
{"level":30,"time":"2021-06-16T03:40:02.245Z","pid":23626,"hostname":"jarvis","msg":"attachment_downloads/_maybeStartJob: no attachment jobs to run"}
{"level":30,"time":"2021-06-16T03:40:15.677Z","pid":23626,"hostname":"jarvis","msg":"Sending a keepalive message"}
{"level":30,"time":"2021-06-16T03:41:02.245Z","pid":23626,"hostname":"jarvis","msg":"attachment_downloads/_maybeStartJob: no attachment jobs to run"}
{"level":30,"time":"2021-06-16T03:41:10.868Z","pid":23626,"hostname":"jarvis","msg":"Sending a keepalive message"}
{"level":30,"time":"2021-06-16T03:42:02.245Z","pid":23626,"hostname":"jarvis","msg":"attachment_downloads/_maybeStartJob: no attachment jobs to run"}
{"level":30,"time":"2021-06-16T03:42:06.059Z","pid":23626,"hostname":"jarvis","msg":"Sending a keepalive message"}
{"level":30,"time":"2021-06-16T03:42:21.498Z","pid":23626,"hostname":"jarvis","msg":"RetryPlaceholders.getExpiredAndRemove: Found 0 expired items"}
{"level":30,"time":"2021-06-16T03:42:21.501Z","pid":23626,"hostname":"jarvis","msg":"retryPlaceholders/interval: Found 0 expired items"}
{"level":30,"time":"2021-06-16T03:43:01.251Z","pid":23626,"hostname":"jarvis","msg":"Sending a keepalive message"}
{"level":30,"time":"2021-06-16T03:43:02.246Z","pid":23626,"hostname":"jarvis","msg":"attachment_downloads/_maybeStartJob: no attachment jobs to run"}
{"level":30,"time":"2021-06-16T03:43:56.442Z","pid":23626,"hostname":"jarvis","msg":"Sending a keepalive message"}
{"level":30,"time":"2021-06-16T03:44:02.246Z","pid":23626,"hostname":"jarvis","msg":"attachment_downloads/_maybeStartJob: no attachment jobs to run"}
{"level":30,"time":"2021-06-16T03:44:51.633Z","pid":23626,"hostname":"jarvis","msg":"Sending a keepalive message"}
{"level":30,"time":"2021-06-16T03:45:02.247Z","pid":23626,"hostname":"jarvis","msg":"attachment_downloads/_maybeStartJob: no attachment jobs to run"}
{"level":30,"time":"2021-06-16T03:45:46.825Z","pid":23626,"hostname":"jarvis","msg":"Sending a keepalive message"}
{"level":30,"time":"2021-06-16T03:46:02.247Z","pid":23626,"hostname":"jarvis","msg":"attachment_downloads/_maybeStartJob: no attachment jobs to run"}
{"level":30,"time":"2021-06-16T03:46:42.017Z","pid":23626,"hostname":"jarvis","msg":"Sending a keepalive message"}
{"level":30,"time":"2021-06-16T03:47:02.247Z","pid":23626,"hostname":"jarvis","msg":"attachment_downloads/_maybeStartJob: no attachment jobs to run"}
{"level":30,"time":"2021-06-16T03:47:21.498Z","pid":23626,"hostname":"jarvis","msg":"RetryPlaceholders.getExpiredAndRemove: Found 0 expired items"}
{"level":30,"time":"2021-06-16T03:47:21.501Z","pid":23626,"hostname":"jarvis","msg":"retryPlaceholders/interval: Found 0 expired items"}
{"level":30,"time":"2021-06-16T03:47:37.208Z","pid":23626,"hostname":"jarvis","msg":"Sending a keepalive message"}
{"level":30,"time":"2021-06-16T03:48:02.248Z","pid":23626,"hostname":"jarvis","msg":"attachment_downloads/_maybeStartJob: no attachment jobs to run"}
{"level":30,"time":"2021-06-16T03:48:32.400Z","pid":23626,"hostname":"jarvis","msg":"Sending a keepalive message"}
{"level":30,"time":"2021-06-16T03:49:02.248Z","pid":23626,"hostname":"jarvis","msg":"attachment_downloads/_maybeStartJob: no attachment jobs to run"}
{"level":30,"time":"2021-06-16T03:49:27.591Z","pid":23626,"hostname":"jarvis","msg":"Sending a keepalive message"}
{"level":30,"time":"2021-06-16T03:50:02.248Z","pid":23626,"hostname":"jarvis","msg":"attachment_downloads/_maybeStartJob: no attachment jobs to run"}
{"level":30,"time":"2021-06-16T03:50:22.783Z","pid":23626,"hostname":"jarvis","msg":"Sending a keepalive message"}
{"level":30,"time":"2021-06-16T03:51:02.248Z","pid":23626,"hostname":"jarvis","msg":"attachment_downloads/_maybeStartJob: no attachment jobs to run"}
{"level":30,"time":"2021-06-16T03:51:17.975Z","pid":23626,"hostname":"jarvis","msg":"Sending a keepalive message"}
{"level":30,"time":"2021-06-16T03:52:02.249Z","pid":23626,"hostname":"jarvis","msg":"attachment_downloads/_maybeStartJob: no attachment jobs to run"}
{"level":30,"time":"2021-06-16T03:52:13.167Z","pid":23626,"hostname":"jarvis","msg":"Sending a keepalive message"}
{"level":30,"time":"2021-06-16T03:52:21.498Z","pid":23626,"hostname":"jarvis","msg":"RetryPlaceholders.getExpiredAndRemove: Found 0 expired items"}
{"level":30,"time":"2021-06-16T03:52:21.501Z","pid":23626,"hostname":"jarvis","msg":"retryPlaceholders/interval: Found 0 expired items"}
{"level":30,"time":"2021-06-16T03:53:02.249Z","pid":23626,"hostname":"jarvis","msg":"attachment_downloads/_maybeStartJob: no attachment jobs to run"}
{"level":30,"time":"2021-06-16T03:53:08.358Z","pid":23626,"hostname":"jarvis","msg":"Sending a keepalive message"}
{"level":30,"time":"2021-06-16T03:54:02.249Z","pid":23626,"hostname":"jarvis","msg":"attachment_downloads/_maybeStartJob: no attachment jobs to run"}
{"level":30,"time":"2021-06-16T03:54:03.549Z","pid":23626,"hostname":"jarvis","msg":"Sending a keepalive message"}
{"level":30,"time":"2021-06-16T03:54:58.740Z","pid":23626,"hostname":"jarvis","msg":"Sending a keepalive message"}
{"level":30,"time":"2021-06-16T03:55:02.249Z","pid":23626,"hostname":"jarvis","msg":"attachment_downloads/_maybeStartJob: no attachment jobs to run"}
{"level":30,"time":"2021-06-16T03:55:53.932Z","pid":23626,"hostname":"jarvis","msg":"Sending a keepalive message"}
{"level":30,"time":"2021-06-16T03:56:02.249Z","pid":23626,"hostname":"jarvis","msg":"attachment_downloads/_maybeStartJob: no attachment jobs to run"}
{"level":30,"time":"2021-06-16T03:56:49.122Z","pid":23626,"hostname":"jarvis","msg":"Sending a keepalive message"}
{"level":30,"time":"2021-06-16T03:57:02.249Z","pid":23626,"hostname":"jarvis","msg":"attachment_downloads/_maybeStartJob: no attachment jobs to run"}
{"level":30,"time":"2021-06-16T03:57:21.498Z","pid":23626,"hostname":"jarvis","msg":"RetryPlaceholders.getExpiredAndRemove: Found 0 expired items"}
{"level":30,"time":"2021-06-16T03:57:21.501Z","pid":23626,"hostname":"jarvis","msg":"retryPlaceholders/interval: Found 0 expired items"}
{"level":30,"time":"2021-06-16T03:57:44.314Z","pid":23626,"hostname":"jarvis","msg":"Sending a keepalive message"}
{"level":30,"time":"2021-06-16T03:58:02.250Z","pid":23626,"hostname":"jarvis","msg":"attachment_downloads/_maybeStartJob: no attachment jobs to run"}
{"level":30,"time":"2021-06-16T03:58:39.506Z","pid":23626,"hostname":"jarvis","msg":"Sending a keepalive message"}
{"level":30,"time":"2021-06-16T03:59:02.250Z","pid":23626,"hostname":"jarvis","msg":"attachment_downloads/_maybeStartJob: no attachment jobs to run"}
{"level":30,"time":"2021-06-16T03:59:34.701Z","pid":23626,"hostname":"jarvis","msg":"Sending a keepalive message"}
{"level":30,"time":"2021-06-16T04:00:02.250Z","pid":23626,"hostname":"jarvis","msg":"attachment_downloads/_maybeStartJob: no attachment jobs to run"}
{"level":30,"time":"2021-06-16T04:00:29.892Z","pid":23626,"hostname":"jarvis","msg":"Sending a keepalive message"}
{"level":30,"time":"2021-06-16T04:01:02.250Z","pid":23626,"hostname":"jarvis","msg":"attachment_downloads/_maybeStartJob: no attachment jobs to run"}
{"level":30,"time":"2021-06-16T04:01:25.083Z","pid":23626,"hostname":"jarvis","msg":"Sending a keepalive message"}
{"level":30,"time":"2021-06-16T04:02:02.250Z","pid":23626,"hostname":"jarvis","msg":"attachment_downloads/_maybeStartJob: no attachment jobs to run"}
{"level":30,"time":"2021-06-16T04:02:20.275Z","pid":23626,"hostname":"jarvis","msg":"Sending a keepalive message"}
{"level":30,"time":"2021-06-16T04:02:21.498Z","pid":23626,"hostname":"jarvis","msg":"RetryPlaceholders.getExpiredAndRemove: Found 0 expired items"}
{"level":30,"time":"2021-06-16T04:02:21.501Z","pid":23626,"hostname":"jarvis","msg":"retryPlaceholders/interval: Found 0 expired items"}
{"level":30,"time":"2021-06-16T04:03:02.250Z","pid":23626,"hostname":"jarvis","msg":"attachment_downloads/_maybeStartJob: no attachment jobs to run"}
{"level":30,"time":"2021-06-16T04:03:15.467Z","pid":23626,"hostname":"jarvis","msg":"Sending a keepalive message"}
{"level":30,"time":"2021-06-16T04:04:02.251Z","pid":23626,"hostname":"jarvis","msg":"attachment_downloads/_maybeStartJob: no attachment jobs to run"}
{"level":30,"time":"2021-06-16T04:04:10.658Z","pid":23626,"hostname":"jarvis","msg":"Sending a keepalive message"}
{"level":30,"time":"2021-06-16T04:05:02.251Z","pid":23626,"hostname":"jarvis","msg":"attachment_downloads/_maybeStartJob: no attachment jobs to run"}
{"level":30,"time":"2021-06-16T04:05:05.850Z","pid":23626,"hostname":"jarvis","msg":"Sending a keepalive message"}
{"level":30,"time":"2021-06-16T04:06:01.040Z","pid":23626,"hostname":"jarvis","msg":"Sending a keepalive message"}
{"level":30,"time":"2021-06-16T04:06:02.251Z","pid":23626,"hostname":"jarvis","msg":"attachment_downloads/_maybeStartJob: no attachment jobs to run"}
{"level":30,"time":"2021-06-16T04:06:56.232Z","pid":23626,"hostname":"jarvis","msg":"Sending a keepalive message"}
{"level":30,"time":"2021-06-16T04:07:02.252Z","pid":23626,"hostname":"jarvis","msg":"attachment_downloads/_maybeStartJob: no attachment jobs to run"}
{"level":30,"time":"2021-06-16T04:07:21.498Z","pid":23626,"hostname":"jarvis","msg":"RetryPlaceholders.getExpiredAndRemove: Found 0 expired items"}
{"level":30,"time":"2021-06-16T04:07:21.501Z","pid":23626,"hostname":"jarvis","msg":"retryPlaceholders/interval: Found 0 expired items"}
{"level":30,"time":"2021-06-16T04:07:51.423Z","pid":23626,"hostname":"jarvis","msg":"Sending a keepalive message"}
{"level":30,"time":"2021-06-16T04:08:02.252Z","pid":23626,"hostname":"jarvis","msg":"attachment_downloads/_maybeStartJob: no attachment jobs to run"}
{"level":30,"time":"2021-06-16T04:08:46.615Z","pid":23626,"hostname":"jarvis","msg":"Sending a keepalive message"}
{"level":30,"time":"2021-06-16T04:09:02.252Z","pid":23626,"hostname":"jarvis","msg":"attachment_downloads/_maybeStartJob: no attachment jobs to run"}
{"level":30,"time":"2021-06-16T04:09:41.806Z","pid":23626,"hostname":"jarvis","msg":"Sending a keepalive message"}
{"level":30,"time":"2021-06-16T04:10:02.253Z","pid":23626,"hostname":"jarvis","msg":"attachment_downloads/_maybeStartJob: no attachment jobs to run"}
{"level":30,"time":"2021-06-16T04:10:36.997Z","pid":23626,"hostname":"jarvis","msg":"Sending a keepalive message"}
{"level":30,"time":"2021-06-16T04:11:02.253Z","pid":23626,"hostname":"jarvis","msg":"attachment_downloads/_maybeStartJob: no attachment jobs to run"}
{"level":30,"time":"2021-06-16T04:11:32.189Z","pid":23626,"hostname":"jarvis","msg":"Sending a keepalive message"}
{"level":30,"time":"2021-06-16T04:12:02.253Z","pid":23626,"hostname":"jarvis","msg":"attachment_downloads/_maybeStartJob: no attachment jobs to run"}
{"level":30,"time":"2021-06-16T04:12:21.498Z","pid":23626,"hostname":"jarvis","msg":"RetryPlaceholders.getExpiredAndRemove: Found 0 expired items"}
{"level":30,"time":"2021-06-16T04:12:21.501Z","pid":23626,"hostname":"jarvis","msg":"retryPlaceholders/interval: Found 0 expired items"}
{"level":30,"time":"2021-06-16T04:12:27.381Z","pid":23626,"hostname":"jarvis","msg":"Sending a keepalive message"}
{"level":30,"time":"2021-06-16T04:13:02.254Z","pid":23626,"hostname":"jarvis","msg":"attachment_downloads/_maybeStartJob: no attachment jobs to run"}
{"level":30,"time":"2021-06-16T04:13:22.572Z","pid":23626,"hostname":"jarvis","msg":"Sending a keepalive message"}
{"level":30,"time":"2021-06-16T04:14:02.254Z","pid":23626,"hostname":"jarvis","msg":"attachment_downloads/_maybeStartJob: no attachment jobs to run"}
{"level":30,"time":"2021-06-16T04:14:17.764Z","pid":23626,"hostname":"jarvis","msg":"Sending a keepalive message"}
{"level":30,"time":"2021-06-16T04:15:02.254Z","pid":23626,"hostname":"jarvis","msg":"attachment_downloads/_maybeStartJob: no attachment jobs to run"}
{"level":30,"time":"2021-06-16T04:15:12.956Z","pid":23626,"hostname":"jarvis","msg":"Sending a keepalive message"}
{"level":30,"time":"2021-06-16T04:16:02.255Z","pid":23626,"hostname":"jarvis","msg":"attachment_downloads/_maybeStartJob: no attachment jobs to run"}
{"level":30,"time":"2021-06-16T04:16:08.147Z","pid":23626,"hostname":"jarvis","msg":"Sending a keepalive message"}
{"level":30,"time":"2021-06-16T04:17:02.255Z","pid":23626,"hostname":"jarvis","msg":"attachment_downloads/_maybeStartJob: no attachment jobs to run"}
{"level":30,"time":"2021-06-16T04:17:03.339Z","pid":23626,"hostname":"jarvis","msg":"Sending a keepalive message"}
{"level":30,"time":"2021-06-16T04:17:21.498Z","pid":23626,"hostname":"jarvis","msg":"RetryPlaceholders.getExpiredAndRemove: Found 0 expired items"}
{"level":30,"time":"2021-06-16T04:17:21.501Z","pid":23626,"hostname":"jarvis","msg":"retryPlaceholders/interval: Found 0 expired items"}
{"level":30,"time":"2021-06-16T04:17:58.529Z","pid":23626,"hostname":"jarvis","msg":"Sending a keepalive message"}
{"level":30,"time":"2021-06-16T04:18:02.255Z","pid":23626,"hostname":"jarvis","msg":"attachment_downloads/_maybeStartJob: no attachment jobs to run"}
{"level":30,"time":"2021-06-16T04:18:53.720Z","pid":23626,"hostname":"jarvis","msg":"Sending a keepalive message"}
{"level":30,"time":"2021-06-16T04:19:02.256Z","pid":23626,"hostname":"jarvis","msg":"attachment_downloads/_maybeStartJob: no attachment jobs to run"}
{"level":30,"time":"2021-06-16T04:19:48.913Z","pid":23626,"hostname":"jarvis","msg":"Sending a keepalive message"}
{"level":30,"time":"2021-06-16T04:20:02.256Z","pid":23626,"hostname":"jarvis","msg":"attachment_downloads/_maybeStartJob: no attachment jobs to run"}
{"level":30,"time":"2021-06-16T04:20:44.105Z","pid":23626,"hostname":"jarvis","msg":"Sending a keepalive message"}
{"level":30,"time":"2021-06-16T04:21:02.256Z","pid":23626,"hostname":"jarvis","msg":"attachment_downloads/_maybeStartJob: no attachment jobs to run"}
{"level":30,"time":"2021-06-16T04:21:39.310Z","pid":23626,"hostname":"jarvis","msg":"Sending a keepalive message"}
{"level":30,"time":"2021-06-16T04:22:02.256Z","pid":23626,"hostname":"jarvis","msg":"attachment_downloads/_maybeStartJob: no attachment jobs to run"}
{"level":30,"time":"2021-06-16T04:22:21.498Z","pid":23626,"hostname":"jarvis","msg":"RetryPlaceholders.getExpiredAndRemove: Found 0 expired items"}
{"level":30,"time":"2021-06-16T04:22:21.501Z","pid":23626,"hostname":"jarvis","msg":"retryPlaceholders/interval: Found 0 expired items"}
{"level":30,"time":"2021-06-16T04:22:34.502Z","pid":23626,"hostname":"jarvis","msg":"Sending a keepalive message"}
{"level":30,"time":"2021-06-16T04:23:02.256Z","pid":23626,"hostname":"jarvis","msg":"attachment_downloads/_maybeStartJob: no attachment jobs to run"}
{"level":30,"time":"2021-06-16T04:23:29.695Z","pid":23626,"hostname":"jarvis","msg":"Sending a keepalive message"}
{"level":30,"time":"2021-06-16T04:24:02.257Z","pid":23626,"hostname":"jarvis","msg":"attachment_downloads/_maybeStartJob: no attachment jobs to run"}
{"level":30,"time":"2021-06-16T04:24:24.887Z","pid":23626,"hostname":"jarvis","msg":"Sending a keepalive message"}
{"level":30,"time":"2021-06-16T04:25:02.257Z","pid":23626,"hostname":"jarvis","msg":"attachment_downloads/_maybeStartJob: no attachment jobs to run"}
{"level":30,"time":"2021-06-16T04:25:20.079Z","pid":23626,"hostname":"jarvis","msg":"Sending a keepalive message"}
{"level":30,"time":"2021-06-16T04:26:02.257Z","pid":23626,"hostname":"jarvis","msg":"attachment_downloads/_maybeStartJob: no attachment jobs to run"}
{"level":30,"time":"2021-06-16T04:26:15.269Z","pid":23626,"hostname":"jarvis","msg":"Sending a keepalive message"}
{"level":30,"time":"2021-06-16T04:27:02.258Z","pid":23626,"hostname":"jarvis","msg":"attachment_downloads/_maybeStartJob: no attachment jobs to run"}
{"level":30,"time":"2021-06-16T04:27:10.460Z","pid":23626,"hostname":"jarvis","msg":"Sending a keepalive message"}
{"level":30,"time":"2021-06-16T04:27:21.498Z","pid":23626,"hostname":"jarvis","msg":"RetryPlaceholders.getExpiredAndRemove: Found 0 expired items"}
{"level":30,"time":"2021-06-16T04:27:21.501Z","pid":23626,"hostname":"jarvis","msg":"retryPlaceholders/interval: Found 0 expired items"}
{"level":30,"time":"2021-06-16T04:28:02.258Z","pid":23626,"hostname":"jarvis","msg":"attachment_downloads/_maybeStartJob: no attachment jobs to run"}
{"level":30,"time":"2021-06-16T04:28:05.652Z","pid":23626,"hostname":"jarvis","msg":"Sending a keepalive message"}
{"level":30,"time":"2021-06-16T04:29:00.843Z","pid":23626,"hostname":"jarvis","msg":"Sending a keepalive message"}
{"level":30,"time":"2021-06-16T04:29:02.258Z","pid":23626,"hostname":"jarvis","msg":"attachment_downloads/_maybeStartJob: no attachment jobs to run"}
{"level":30,"time":"2021-06-16T04:29:56.035Z","pid":23626,"hostname":"jarvis","msg":"Sending a keepalive message"}
{"level":30,"time":"2021-06-16T04:30:02.259Z","pid":23626,"hostname":"jarvis","msg":"attachment_downloads/_maybeStartJob: no attachment jobs to run"}
{"level":30,"time":"2021-06-16T04:30:51.226Z","pid":23626,"hostname":"jarvis","msg":"Sending a keepalive message"}
{"level":30,"time":"2021-06-16T04:31:02.259Z","pid":23626,"hostname":"jarvis","msg":"attachment_downloads/_maybeStartJob: no attachment jobs to run"}
{"level":30,"time":"2021-06-16T04:31:46.417Z","pid":23626,"hostname":"jarvis","msg":"Sending a keepalive message"}
{"level":30,"time":"2021-06-16T04:32:02.259Z","pid":23626,"hostname":"jarvis","msg":"attachment_downloads/_maybeStartJob: no attachment jobs to run"}
{"level":30,"time":"2021-06-16T04:32:21.498Z","pid":23626,"hostname":"jarvis","msg":"RetryPlaceholders.getExpiredAndRemove: Found 0 expired items"}
{"level":30,"time":"2021-06-16T04:32:21.502Z","pid":23626,"hostname":"jarvis","msg":"retryPlaceholders/interval: Found 0 expired items"}
{"level":30,"time":"2021-06-16T04:32:41.609Z","pid":23626,"hostname":"jarvis","msg":"Sending a keepalive message"}
{"level":30,"time":"2021-06-16T04:33:02.260Z","pid":23626,"hostname":"jarvis","msg":"attachment_downloads/_maybeStartJob: no attachment jobs to run"}
{"level":30,"time":"2021-06-16T04:33:36.800Z","pid":23626,"hostname":"jarvis","msg":"Sending a keepalive message"}
{"level":30,"time":"2021-06-16T04:34:02.260Z","pid":23626,"hostname":"jarvis","msg":"attachment_downloads/_maybeStartJob: no attachment jobs to run"}
{"level":30,"time":"2021-06-16T04:34:31.991Z","pid":23626,"hostname":"jarvis","msg":"Sending a keepalive message"}
{"level":30,"time":"2021-06-16T04:35:02.260Z","pid":23626,"hostname":"jarvis","msg":"attachment_downloads/_maybeStartJob: no attachment jobs to run"}
{"level":30,"time":"2021-06-16T04:35:27.182Z","pid":23626,"hostname":"jarvis","msg":"Sending a keepalive message"}
{"level":30,"time":"2021-06-16T04:36:02.260Z","pid":23626,"hostname":"jarvis","msg":"attachment_downloads/_maybeStartJob: no attachment jobs to run"}
{"level":30,"time":"2021-06-16T04:36:22.374Z","pid":23626,"hostname":"jarvis","msg":"Sending a keepalive message"}
{"level":30,"time":"2021-06-16T04:37:02.260Z","pid":23626,"hostname":"jarvis","msg":"attachment_downloads/_maybeStartJob: no attachment jobs to run"}
{"level":30,"time":"2021-06-16T04:37:17.564Z","pid":23626,"hostname":"jarvis","msg":"Sending a keepalive message"}
{"level":30,"time":"2021-06-16T04:37:21.498Z","pid":23626,"hostname":"jarvis","msg":"RetryPlaceholders.getExpiredAndRemove: Found 0 expired items"}
{"level":30,"time":"2021-06-16T04:37:21.501Z","pid":23626,"hostname":"jarvis","msg":"retryPlaceholders/interval: Found 0 expired items"}
{"level":30,"time":"2021-06-16T04:38:02.261Z","pid":23626,"hostname":"jarvis","msg":"attachment_downloads/_maybeStartJob: no attachment jobs to run"}
{"level":30,"time":"2021-06-16T04:38:12.755Z","pid":23626,"hostname":"jarvis","msg":"Sending a keepalive message"}
{"level":30,"time":"2021-06-16T04:39:02.261Z","pid":23626,"hostname":"jarvis","msg":"attachment_downloads/_maybeStartJob: no attachment jobs to run"}
{"level":30,"time":"2021-06-16T04:39:07.947Z","pid":23626,"hostname":"jarvis","msg":"Sending a keepalive message"}
{"level":30,"time":"2021-06-16T04:40:02.261Z","pid":23626,"hostname":"jarvis","msg":"attachment_downloads/_maybeStartJob: no attachment jobs to run"}
{"level":30,"time":"2021-06-16T04:40:03.139Z","pid":23626,"hostname":"jarvis","msg":"Sending a keepalive message"}
{"level":30,"time":"2021-06-16T04:40:58.331Z","pid":23626,"hostname":"jarvis","msg":"Sending a keepalive message"}
{"level":30,"time":"2021-06-16T04:41:02.261Z","pid":23626,"hostname":"jarvis","msg":"attachment_downloads/_maybeStartJob: no attachment jobs to run"}
{"level":30,"time":"2021-06-16T04:41:53.522Z","pid":23626,"hostname":"jarvis","msg":"Sending a keepalive message"}
{"level":30,"time":"2021-06-16T04:42:02.262Z","pid":23626,"hostname":"jarvis","msg":"attachment_downloads/_maybeStartJob: no attachment jobs to run"}
{"level":30,"time":"2021-06-16T04:42:21.498Z","pid":23626,"hostname":"jarvis","msg":"RetryPlaceholders.getExpiredAndRemove: Found 0 expired items"}
{"level":30,"time":"2021-06-16T04:42:21.501Z","pid":23626,"hostname":"jarvis","msg":"retryPlaceholders/interval: Found 0 expired items"}
{"level":30,"time":"2021-06-16T04:42:48.713Z","pid":23626,"hostname":"jarvis","msg":"Sending a keepalive message"}
{"level":30,"time":"2021-06-16T04:43:02.262Z","pid":23626,"hostname":"jarvis","msg":"attachment_downloads/_maybeStartJob: no attachment jobs to run"}
{"level":30,"time":"2021-06-16T04:43:43.906Z","pid":23626,"hostname":"jarvis","msg":"Sending a keepalive message"}
{"level":30,"time":"2021-06-16T04:44:02.262Z","pid":23626,"hostname":"jarvis","msg":"attachment_downloads/_maybeStartJob: no attachment jobs to run"}
{"level":30,"time":"2021-06-16T04:44:39.098Z","pid":23626,"hostname":"jarvis","msg":"Sending a keepalive message"}
{"level":30,"time":"2021-06-16T04:45:02.262Z","pid":23626,"hostname":"jarvis","msg":"attachment_downloads/_maybeStartJob: no attachment jobs to run"}
{"level":30,"time":"2021-06-16T04:45:34.289Z","pid":23626,"hostname":"jarvis","msg":"Sending a keepalive message"}
{"level":30,"time":"2021-06-16T04:46:02.262Z","pid":23626,"hostname":"jarvis","msg":"attachment_downloads/_maybeStartJob: no attachment jobs to run"}
{"level":30,"time":"2021-06-16T04:46:29.480Z","pid":23626,"hostname":"jarvis","msg":"Sending a keepalive message"}
{"level":30,"time":"2021-06-16T04:47:02.263Z","pid":23626,"hostname":"jarvis","msg":"attachment_downloads/_maybeStartJob: no attachment jobs to run"}
{"level":30,"time":"2021-06-16T04:47:21.498Z","pid":23626,"hostname":"jarvis","msg":"RetryPlaceholders.getExpiredAndRemove: Found 0 expired items"}
{"level":30,"time":"2021-06-16T04:47:21.501Z","pid":23626,"hostname":"jarvis","msg":"retryPlaceholders/interval: Found 0 expired items"}
{"level":30,"time":"2021-06-16T04:47:24.672Z","pid":23626,"hostname":"jarvis","msg":"Sending a keepalive message"}
{"level":30,"time":"2021-06-16T04:48:02.263Z","pid":23626,"hostname":"jarvis","msg":"attachment_downloads/_maybeStartJob: no attachment jobs to run"}
{"level":30,"time":"2021-06-16T04:48:19.863Z","pid":23626,"hostname":"jarvis","msg":"Sending a keepalive message"}
{"level":30,"time":"2021-06-16T04:49:02.263Z","pid":23626,"hostname":"jarvis","msg":"attachment_downloads/_maybeStartJob: no attachment jobs to run"}
{"level":30,"time":"2021-06-16T04:49:15.060Z","pid":23626,"hostname":"jarvis","msg":"Sending a keepalive message"}
{"level":30,"time":"2021-06-16T04:50:02.263Z","pid":23626,"hostname":"jarvis","msg":"attachment_downloads/_maybeStartJob: no attachment jobs to run"}
{"level":30,"time":"2021-06-16T04:50:10.251Z","pid":23626,"hostname":"jarvis","msg":"Sending a keepalive message"}
{"level":30,"time":"2021-06-16T04:51:02.264Z","pid":23626,"hostname":"jarvis","msg":"attachment_downloads/_maybeStartJob: no attachment jobs to run"}
{"level":30,"time":"2021-06-16T04:51:05.443Z","pid":23626,"hostname":"jarvis","msg":"Sending a keepalive message"}
{"level":30,"time":"2021-06-16T04:52:00.635Z","pid":23626,"hostname":"jarvis","msg":"Sending a keepalive message"}
{"level":30,"time":"2021-06-16T04:52:02.264Z","pid":23626,"hostname":"jarvis","msg":"attachment_downloads/_maybeStartJob: no attachment jobs to run"}
{"level":30,"time":"2021-06-16T04:52:21.498Z","pid":23626,"hostname":"jarvis","msg":"RetryPlaceholders.getExpiredAndRemove: Found 0 expired items"}
{"level":30,"time":"2021-06-16T04:52:21.501Z","pid":23626,"hostname":"jarvis","msg":"retryPlaceholders/interval: Found 0 expired items"}
{"level":30,"time":"2021-06-16T04:52:55.827Z","pid":23626,"hostname":"jarvis","msg":"Sending a keepalive message"}
{"level":30,"time":"2021-06-16T04:53:02.264Z","pid":23626,"hostname":"jarvis","msg":"attachment_downloads/_maybeStartJob: no attachment jobs to run"}
{"level":30,"time":"2021-06-16T04:53:51.019Z","pid":23626,"hostname":"jarvis","msg":"Sending a keepalive message"}
{"level":30,"time":"2021-06-16T04:54:02.265Z","pid":23626,"hostname":"jarvis","msg":"attachment_downloads/_maybeStartJob: no attachment jobs to run"}
{"level":30,"time":"2021-06-16T04:54:46.211Z","pid":23626,"hostname":"jarvis","msg":"Sending a keepalive message"}
{"level":30,"time":"2021-06-16T04:55:02.265Z","pid":23626,"hostname":"jarvis","msg":"attachment_downloads/_maybeStartJob: no attachment jobs to run"}
{"level":30,"time":"2021-06-16T04:55:41.403Z","pid":23626,"hostname":"jarvis","msg":"Sending a keepalive message"}
{"level":30,"time":"2021-06-16T04:56:02.266Z","pid":23626,"hostname":"jarvis","msg":"attachment_downloads/_maybeStartJob: no attachment jobs to run"}
{"level":30,"time":"2021-06-16T04:56:36.595Z","pid":23626,"hostname":"jarvis","msg":"Sending a keepalive message"}
{"level":30,"time":"2021-06-16T04:57:02.266Z","pid":23626,"hostname":"jarvis","msg":"attachment_downloads/_maybeStartJob: no attachment jobs to run"}
{"level":30,"time":"2021-06-16T04:57:21.498Z","pid":23626,"hostname":"jarvis","msg":"RetryPlaceholders.getExpiredAndRemove: Found 0 expired items"}
{"level":30,"time":"2021-06-16T04:57:21.501Z","pid":23626,"hostname":"jarvis","msg":"retryPlaceholders/interval: Found 0 expired items"}
{"level":30,"time":"2021-06-16T04:57:31.787Z","pid":23626,"hostname":"jarvis","msg":"Sending a keepalive message"}
