[2021-06-13 20:46:44.145] [info] Checking for update
[2021-06-13 20:46:44.191] [info] Error reading /home/rutesh/.config/Notion/cookies.json {
  constructor: 'Error',
  errno: -2,
  syscall: 'open',
  code: 'ENOENT',
  path: '/home/rutesh/.config/Notion/cookies.json',
  stack: "Error: /home/rutesh/.config/Notion/cookies.json: ENOENT: no such file or directory, open '/home/rutesh/.config/Notion/cookies.json'\n" +
    '    at Object.openSync (fs.js:466:3)\n' +
    '    at Object.func [as openSync] (electron/js2c/asar_bundle.js:5:1812)\n' +
    '    at Object.readFileSync (fs.js:368:35)\n' +
    '    at Object.e.readFileSync (electron/js2c/asar_bundle.js:5:8592)\n' +
    '    at Object.readFileSync (/opt/notion-app/resources/app.asar/node_modules/jsonfile/index.js:61:22)\n' +
    '    at JsonStore.loadSync (/opt/notion-app/resources/app.asar/main/JsonStore.js:37:44)\n' +
    '    at new JsonStore (/opt/notion-app/resources/app.asar/main/JsonStore.js:14:14)\n' +
    '    at Object.<anonymous> (/opt/notion-app/resources/app.asar/main/schemeHandler.js:24:25)\n' +
    '    at Module._compile (internal/modules/cjs/loader.js:1152:30)\n' +
    '    at Object.Module._extensions..js (internal/modules/cjs/loader.js:1173:10)'
}
[2021-06-13 20:46:44.382] [info] {
  level: 'info',
  from: 'AssetCache',
  type: 'latestVersionPath',
  data: {
    message: 'latestVersion.json path /home/rutesh/.config/Notion/notionAssetCache-v2/latestVersion.json'
  }
}
[2021-06-13 20:46:44.383] [error] Error: Error: ENOENT: no such file or directory, open '/opt/notion-app/resources/app-update.yml'
[2021-06-13 20:46:44.384] [info] {
  level: 'info',
  from: 'AssetCache',
  type: 'errorReadingPath',
  error: {
    name: 'Error',
    message: "ENOENT: no such file or directory, open '/home/rutesh/.config/Notion/notionAssetCache-v2/latestVersion.json'",
    stack: "Error: ENOENT: no such file or directory, open '/home/rutesh/.config/Notion/notionAssetCache-v2/latestVersion.json'"
  },
  data: {
    message: 'Error reading /home/rutesh/.config/Notion/notionAssetCache-v2/latestVersion.json'
  }
}
[2021-06-13 20:46:44.384] [info] {
  level: 'info',
  from: 'AssetCache',
  type: 'currentVersionLoaded',
  data: {}
}
[2021-06-13 20:46:44.384] [info] {
  level: 'info',
  from: 'AssetCache',
  type: 'syncVersionEmptyLatestVersion'
}
[2021-06-13 20:46:44.385] [info] {
  level: 'info',
  from: 'AssetCache',
  type: 'currentSyncedAssetsJson',
  data: {}
}
[2021-06-13 20:53:25.185] [info] Checking for update
[2021-06-13 20:53:25.258] [info] {
  level: 'error',
  from: 'main',
  type: 'uncaughtException',
  error: {
    name: 'TypeError',
    message: 'Error processing argument at index 0, conversion failure from ',
    stack: 'TypeError: Error processing argument at index 0, conversion failure from \n' +
      '    at BrowserWindow.setBounds (electron/js2c/browser_init.js:33:520)\n' +
      '    at Object.createWindow (/opt/notion-app/resources/app.asar/main/createWindow.js:63:16)\n' +
      '    at handleActivate (/opt/notion-app/resources/app.asar/main/main.js:71:36)\n' +
      '    at App.<anonymous> (/opt/notion-app/resources/app.asar/main/main.js:188:13)\n' +
      '    at App.emit (events.js:315:20)'
  }
}
[2021-06-13 20:53:25.373] [info] {
  level: 'info',
  from: 'AssetCache',
  type: 'latestVersionPath',
  data: {
    message: 'latestVersion.json path /home/rutesh/.config/Notion/notionAssetCache-v2/latestVersion.json'
  }
}
[2021-06-13 20:53:25.375] [error] Error: Error: ENOENT: no such file or directory, open '/opt/notion-app/resources/app-update.yml'
[2021-06-13 20:53:25.376] [info] {
  level: 'info',
  from: 'AssetCache',
  type: 'errorReadingPath',
  error: {
    name: 'Error',
    message: "ENOENT: no such file or directory, open '/home/rutesh/.config/Notion/notionAssetCache-v2/latestVersion.json'",
    stack: "Error: ENOENT: no such file or directory, open '/home/rutesh/.config/Notion/notionAssetCache-v2/latestVersion.json'"
  },
  data: {
    message: 'Error reading /home/rutesh/.config/Notion/notionAssetCache-v2/latestVersion.json'
  }
}
[2021-06-13 20:53:25.376] [info] {
  level: 'info',
  from: 'AssetCache',
  type: 'currentVersionLoaded',
  data: {}
}
[2021-06-13 20:53:25.376] [info] {
  level: 'info',
  from: 'AssetCache',
  type: 'syncVersionEmptyLatestVersion'
}
[2021-06-13 20:53:25.377] [info] {
  level: 'info',
  from: 'AssetCache',
  type: 'currentSyncedAssetsJson',
  data: {}
}
[2021-06-13 20:56:44.192] [info] { level: 'info', from: 'AssetCache', type: 'checkingForAppUpdate' }
[2021-06-13 20:56:44.485] [info] {
  level: 'info',
  from: 'AssetCache',
  type: 'appUpdateAvailable',
  data: { version: '23.8.3.0' }
}
[2021-06-13 20:56:46.623] [info] { level: 'info', from: 'AssetCache', type: 'checkingForAppUpdate2' }
[2021-06-13 20:56:46.623] [info] {
  level: 'info',
  from: 'AssetCache',
  type: 'appUpdateDownloadComplete',
  data: { version: '23.8.3.0' }
}
[2021-06-13 20:56:46.624] [info] {
  level: 'info',
  from: 'AssetCache',
  type: 'installingAppUpdate',
  data: { version: '23.8.3.0' }
}
[2021-06-13 20:57:08.377] [info] Quitting...
[2021-06-13 20:57:08.377] [info] Killing child process
[2021-06-15 13:18:33.557] [info] Checking for update
[2021-06-15 13:18:33.802] [info] {
  level: 'info',
  from: 'AssetCache',
  type: 'latestVersionPath',
  data: {
    message: 'latestVersion.json path /home/rutesh/.config/Notion/notionAssetCache-v2/latestVersion.json'
  }
}
[2021-06-15 13:18:33.805] [error] Error: Error: ENOENT: no such file or directory, open '/opt/notion-app/resources/app-update.yml'
[2021-06-15 13:18:33.806] [info] {
  level: 'info',
  from: 'AssetCache',
  type: 'currentVersionLoaded',
  data: { version: '23.8.3.0' }
}
[2021-06-15 13:18:33.807] [info] {
  level: 'info',
  from: 'AssetCache',
  type: 'syncVersions',
  data: {
    message: 'Sync versions: assets.json path /home/rutesh/.config/Notion/notionAssetCache-v2/23.8.3.0/assets.json headers.json path /home/rutesh/.config/Notion/notionAssetCache-v2/23.8.3.0/headers.json'
  }
}
[2021-06-15 13:18:33.813] [info] {
  level: 'info',
  from: 'AssetCache',
  type: 'currentSyncedAssetsJson',
  data: { version: '23.8.3.0' }
}
[2021-06-15 13:18:34.201] [info] {
  level: 'info',
  from: 'AssetCache',
  type: 'syncVersionSameSkippingSync'
}
[2021-06-15 13:18:34.202] [info] {
  level: 'info',
  from: 'AssetCache',
  type: 'performingFileRequest2',
  data: {
    message: 'Performing file request: /, abs path /home/rutesh/.config/Notion/notionAssetCache-v2/23.8.3.0/assets/index-ko-KR-5911c716097c641851f4.html'
  }
}
[2021-06-15 13:18:34.204] [info] {
  level: 'info',
  from: 'AssetCache',
  type: 'syncVersionSameSkippingSync'
}
[2021-06-15 13:18:34.204] [info] {
  level: 'info',
  from: 'AssetCache',
  type: 'performingFileRequest2',
  data: {
    message: 'Performing file request: /, abs path /home/rutesh/.config/Notion/notionAssetCache-v2/23.8.3.0/assets/index-ko-KR-5911c716097c641851f4.html'
  }
}
[2021-06-15 13:18:34.295] [info] {
  level: 'info',
  from: 'AssetCache',
  type: 'performingFileRequest',
  data: {
    absolutePath: '/home/rutesh/.config/Notion/notionAssetCache-v2/23.8.3.0/assets/vendors~main-aa07f589b8b4b537cd5a.css',
    url: '/vendors~main-aa07f589b8b4b537cd5a.css'
  }
}
[2021-06-15 13:18:34.296] [info] {
  level: 'info',
  from: 'AssetCache',
  type: 'performingFileRequest',
  data: {
    absolutePath: '/home/rutesh/.config/Notion/notionAssetCache-v2/23.8.3.0/assets/vendors~main-aa07f589b8b4b537cd5a.css',
    url: '/vendors~main-aa07f589b8b4b537cd5a.css'
  }
}
[2021-06-15 13:18:34.297] [info] {
  level: 'info',
  from: 'AssetCache',
  type: 'performingFileRequest',
  data: {
    absolutePath: '/home/rutesh/.config/Notion/notionAssetCache-v2/23.8.3.0/assets/app-b65ae77899b951f728fa.css',
    url: '/app-b65ae77899b951f728fa.css'
  }
}
[2021-06-15 13:18:34.298] [info] {
  level: 'info',
  from: 'AssetCache',
  type: 'performingFileRequest',
  data: {
    absolutePath: '/home/rutesh/.config/Notion/notionAssetCache-v2/23.8.3.0/assets/app-b65ae77899b951f728fa.css',
    url: '/app-b65ae77899b951f728fa.css'
  }
}
[2021-06-15 13:18:34.299] [info] {
  level: 'info',
  from: 'AssetCache',
  type: 'performingFileRequest',
  data: {
    absolutePath: '/home/rutesh/.config/Notion/notionAssetCache-v2/23.8.3.0/assets/print.b31f28aa.css',
    url: '/print.b31f28aa.css'
  }
}
[2021-06-15 13:18:34.300] [info] {
  level: 'info',
  from: 'AssetCache',
  type: 'performingFileRequest',
  data: {
    absolutePath: '/home/rutesh/.config/Notion/notionAssetCache-v2/23.8.3.0/assets/print.b31f28aa.css',
    url: '/print.b31f28aa.css'
  }
}
[2021-06-15 13:18:34.323] [info] {
  level: 'info',
  from: 'AssetCache',
  type: 'performingFileRequest',
  data: {
    absolutePath: '/home/rutesh/.config/Notion/notionAssetCache-v2/23.8.3.0/assets/vendors~main-459f67ab0d3e96b07a6f.js',
    url: '/vendors~main-459f67ab0d3e96b07a6f.js'
  }
}
[2021-06-15 13:18:34.324] [info] {
  level: 'info',
  from: 'AssetCache',
  type: 'performingFileRequest',
  data: {
    absolutePath: '/home/rutesh/.config/Notion/notionAssetCache-v2/23.8.3.0/assets/app-0c02dcf7ad281de48285.js',
    url: '/app-0c02dcf7ad281de48285.js'
  }
}
[2021-06-15 13:18:34.325] [info] {
  level: 'info',
  from: 'AssetCache',
  type: 'performingFileRequest',
  data: {
    absolutePath: '/home/rutesh/.config/Notion/notionAssetCache-v2/23.8.3.0/assets/vendors~main-459f67ab0d3e96b07a6f.js',
    url: '/vendors~main-459f67ab0d3e96b07a6f.js'
  }
}
[2021-06-15 13:18:34.326] [info] {
  level: 'info',
  from: 'AssetCache',
  type: 'performingFileRequest',
  data: {
    absolutePath: '/home/rutesh/.config/Notion/notionAssetCache-v2/23.8.3.0/assets/app-0c02dcf7ad281de48285.js',
    url: '/app-0c02dcf7ad281de48285.js'
  }
}
[2021-06-15 13:18:34.634] [info] {
  level: 'info',
  from: 'AssetCache',
  type: 'performingFileRequest',
  data: {
    absolutePath: '/home/rutesh/.config/Notion/notionAssetCache-v2/23.8.3.0/assets/vendors~markdown-linkify-it-5208adca14a2e5a899a8.js',
    url: '/vendors~markdown-linkify-it-5208adca14a2e5a899a8.js'
  }
}
[2021-06-15 13:18:34.635] [info] {
  level: 'info',
  from: 'AssetCache',
  type: 'performingFileRequest',
  data: {
    absolutePath: '/home/rutesh/.config/Notion/notionAssetCache-v2/23.8.3.0/assets/vendors~markdown-linkify-it-5208adca14a2e5a899a8.js',
    url: '/vendors~markdown-linkify-it-5208adca14a2e5a899a8.js'
  }
}
[2021-06-15 13:18:35.050] [info] {
  level: 'info',
  from: 'AssetCache',
  type: 'performingFileRequest',
  data: {
    absolutePath: '/home/rutesh/.config/Notion/notionAssetCache-v2/23.8.3.0/assets/mobile~postRender-0523370e99081b1f54a4.js',
    url: '/mobile~postRender-0523370e99081b1f54a4.js'
  }
}
[2021-06-15 13:18:35.051] [info] {
  level: 'info',
  from: 'AssetCache',
  type: 'performingFileRequest',
  data: {
    absolutePath: '/home/rutesh/.config/Notion/notionAssetCache-v2/23.8.3.0/assets/postRender-9ea9ce5b1828707ff0a0.js',
    url: '/postRender-9ea9ce5b1828707ff0a0.js'
  }
}
[2021-06-15 13:18:36.906] [info] {
  level: 'info',
  from: 'AssetCache',
  type: 'performingFileRequest',
  data: {
    absolutePath: '/home/rutesh/.config/Notion/notionAssetCache-v2/23.8.3.0/assets/mobile~postRender-0523370e99081b1f54a4.js',
    url: '/mobile~postRender-0523370e99081b1f54a4.js'
  }
}
[2021-06-15 13:18:36.907] [info] {
  level: 'info',
  from: 'AssetCache',
  type: 'performingFileRequest',
  data: {
    absolutePath: '/home/rutesh/.config/Notion/notionAssetCache-v2/23.8.3.0/assets/postRender-9ea9ce5b1828707ff0a0.js',
    url: '/postRender-9ea9ce5b1828707ff0a0.js'
  }
}
[2021-06-15 13:28:33.619] [info] { level: 'info', from: 'AssetCache', type: 'checkingForAppUpdate' }
[2021-06-15 13:28:33.897] [info] { level: 'info', from: 'AssetCache', type: 'noAppUpdateAvailable2' }
[2021-06-15 13:38:33.629] [info] { level: 'info', from: 'AssetCache', type: 'checkingForAppUpdate' }
[2021-06-15 13:38:33.887] [info] { level: 'info', from: 'AssetCache', type: 'noAppUpdateAvailable2' }
[2021-06-15 13:48:33.639] [info] { level: 'info', from: 'AssetCache', type: 'checkingForAppUpdate' }
[2021-06-15 13:48:33.909] [info] { level: 'info', from: 'AssetCache', type: 'noAppUpdateAvailable2' }
[2021-06-15 13:56:31.714] [info] {
  level: 'info',
  from: 'AssetCache',
  type: 'performingFileRequest',
  data: {
    absolutePath: '/home/rutesh/.config/Notion/notionAssetCache-v2/23.8.3.0/assets/lyon-text-semibold-acb7f110189034ff6a1afa4b730be0ed.woff',
    url: '/lyon-text-semibold-acb7f110189034ff6a1afa4b730be0ed.woff'
  }
}
[2021-06-15 13:56:31.714] [info] {
  level: 'info',
  from: 'AssetCache',
  type: 'performingFileRequest',
  data: {
    absolutePath: '/home/rutesh/.config/Notion/notionAssetCache-v2/23.8.3.0/assets/lyon-text-regular-3be84b20b1d9ff1e3456b0a220ae449b.woff',
    url: '/lyon-text-regular-3be84b20b1d9ff1e3456b0a220ae449b.woff'
  }
}
[2021-06-15 13:57:28.041] [info] {
  level: 'info',
  from: 'AssetCache',
  type: 'performingFileRequest',
  data: {
    absolutePath: '/home/rutesh/.config/Notion/notionAssetCache-v2/23.8.3.0/assets/iawriter-mono-regular-4b73d071988a4f1cd2283524716ad970.woff',
    url: '/iawriter-mono-regular-4b73d071988a4f1cd2283524716ad970.woff'
  }
}
[2021-06-15 13:58:33.643] [info] { level: 'info', from: 'AssetCache', type: 'checkingForAppUpdate' }
[2021-06-15 13:58:33.911] [info] { level: 'info', from: 'AssetCache', type: 'noAppUpdateAvailable2' }
[2021-06-15 14:08:33.649] [info] { level: 'info', from: 'AssetCache', type: 'checkingForAppUpdate' }
[2021-06-15 14:08:33.923] [info] { level: 'info', from: 'AssetCache', type: 'noAppUpdateAvailable2' }
[2021-06-15 14:18:33.656] [info] { level: 'info', from: 'AssetCache', type: 'checkingForAppUpdate' }
[2021-06-15 14:18:34.058] [info] { level: 'info', from: 'AssetCache', type: 'noAppUpdateAvailable2' }
[2021-06-15 14:28:33.664] [info] { level: 'info', from: 'AssetCache', type: 'checkingForAppUpdate' }
[2021-06-15 14:28:33.935] [info] { level: 'info', from: 'AssetCache', type: 'noAppUpdateAvailable2' }
[2021-06-15 14:38:33.669] [info] { level: 'info', from: 'AssetCache', type: 'checkingForAppUpdate' }
[2021-06-15 14:38:33.984] [info] { level: 'info', from: 'AssetCache', type: 'noAppUpdateAvailable2' }
[2021-06-15 14:48:33.676] [info] { level: 'info', from: 'AssetCache', type: 'checkingForAppUpdate' }
[2021-06-15 14:48:33.942] [info] { level: 'info', from: 'AssetCache', type: 'noAppUpdateAvailable2' }
[2021-06-15 14:58:33.683] [info] { level: 'info', from: 'AssetCache', type: 'checkingForAppUpdate' }
[2021-06-15 14:58:33.956] [info] { level: 'info', from: 'AssetCache', type: 'noAppUpdateAvailable2' }
[2021-06-15 15:08:33.689] [info] { level: 'info', from: 'AssetCache', type: 'checkingForAppUpdate' }
[2021-06-15 15:08:33.955] [info] { level: 'info', from: 'AssetCache', type: 'noAppUpdateAvailable2' }
[2021-06-15 15:18:33.696] [info] { level: 'info', from: 'AssetCache', type: 'checkingForAppUpdate' }
[2021-06-15 15:18:34.004] [info] { level: 'info', from: 'AssetCache', type: 'noAppUpdateAvailable2' }
[2021-06-15 15:28:33.699] [info] { level: 'info', from: 'AssetCache', type: 'checkingForAppUpdate' }
[2021-06-15 15:28:33.960] [info] { level: 'info', from: 'AssetCache', type: 'noAppUpdateAvailable2' }
[2021-06-15 15:38:33.706] [info] { level: 'info', from: 'AssetCache', type: 'checkingForAppUpdate' }
[2021-06-15 15:38:33.965] [info] { level: 'info', from: 'AssetCache', type: 'noAppUpdateAvailable2' }
[2021-06-15 15:48:33.706] [info] { level: 'info', from: 'AssetCache', type: 'checkingForAppUpdate' }
[2021-06-15 15:48:33.975] [info] { level: 'info', from: 'AssetCache', type: 'noAppUpdateAvailable2' }
[2021-06-15 15:58:33.713] [info] { level: 'info', from: 'AssetCache', type: 'checkingForAppUpdate' }
[2021-06-15 15:58:33.967] [info] { level: 'info', from: 'AssetCache', type: 'noAppUpdateAvailable2' }
[2021-06-15 16:08:33.722] [info] { level: 'info', from: 'AssetCache', type: 'checkingForAppUpdate' }
[2021-06-15 16:08:34.011] [info] { level: 'info', from: 'AssetCache', type: 'noAppUpdateAvailable2' }
[2021-06-15 16:18:33.729] [info] { level: 'info', from: 'AssetCache', type: 'checkingForAppUpdate' }
[2021-06-15 16:18:33.990] [info] { level: 'info', from: 'AssetCache', type: 'noAppUpdateAvailable2' }
[2021-06-15 16:28:33.739] [info] { level: 'info', from: 'AssetCache', type: 'checkingForAppUpdate' }
[2021-06-15 16:28:34.007] [info] { level: 'info', from: 'AssetCache', type: 'noAppUpdateAvailable2' }
[2021-06-15 16:38:33.749] [info] { level: 'info', from: 'AssetCache', type: 'checkingForAppUpdate' }
[2021-06-15 16:38:34.047] [info] { level: 'info', from: 'AssetCache', type: 'noAppUpdateAvailable2' }
[2021-06-15 16:48:33.759] [info] { level: 'info', from: 'AssetCache', type: 'checkingForAppUpdate' }
[2021-06-15 16:48:34.019] [info] { level: 'info', from: 'AssetCache', type: 'noAppUpdateAvailable2' }
[2021-06-15 16:58:33.769] [info] { level: 'info', from: 'AssetCache', type: 'checkingForAppUpdate' }
[2021-06-15 16:58:34.031] [info] { level: 'info', from: 'AssetCache', type: 'noAppUpdateAvailable2' }
[2021-06-15 17:08:33.779] [info] { level: 'info', from: 'AssetCache', type: 'checkingForAppUpdate' }
[2021-06-15 17:08:34.745] [info] { level: 'info', from: 'AssetCache', type: 'noAppUpdateAvailable2' }
[2021-06-15 17:18:33.786] [info] { level: 'info', from: 'AssetCache', type: 'checkingForAppUpdate' }
[2021-06-15 17:18:34.088] [info] { level: 'info', from: 'AssetCache', type: 'noAppUpdateAvailable2' }
[2021-06-15 17:28:33.789] [info] { level: 'info', from: 'AssetCache', type: 'checkingForAppUpdate' }
[2021-06-15 17:28:34.778] [info] {
  level: 'info',
  from: 'assetCache',
  type: 'updateAssetsFetch',
  data: { duration: 988 }
}
[2021-06-15 17:28:34.779] [info] { level: 'info', from: 'AssetCache', type: 'noAppUpdateAvailable2' }
[2021-06-15 17:38:33.797] [info] { level: 'info', from: 'AssetCache', type: 'checkingForAppUpdate' }
[2021-06-15 17:38:34.067] [info] { level: 'info', from: 'AssetCache', type: 'noAppUpdateAvailable2' }
[2021-06-15 17:48:33.806] [info] { level: 'info', from: 'AssetCache', type: 'checkingForAppUpdate' }
[2021-06-15 17:48:34.065] [info] { level: 'info', from: 'AssetCache', type: 'noAppUpdateAvailable2' }
[2021-06-15 17:58:33.809] [info] { level: 'info', from: 'AssetCache', type: 'checkingForAppUpdate' }
[2021-06-15 17:58:34.082] [info] { level: 'info', from: 'AssetCache', type: 'noAppUpdateAvailable2' }
[2021-06-15 18:08:33.816] [info] { level: 'info', from: 'AssetCache', type: 'checkingForAppUpdate' }
[2021-06-15 18:08:34.070] [info] { level: 'info', from: 'AssetCache', type: 'noAppUpdateAvailable2' }
[2021-06-15 18:18:33.819] [info] { level: 'info', from: 'AssetCache', type: 'checkingForAppUpdate' }
[2021-06-15 18:18:34.837] [info] { level: 'info', from: 'AssetCache', type: 'noAppUpdateAvailable2' }
[2021-06-15 18:28:33.825] [info] { level: 'info', from: 'AssetCache', type: 'checkingForAppUpdate' }
[2021-06-15 18:28:34.083] [info] { level: 'info', from: 'AssetCache', type: 'noAppUpdateAvailable2' }
[2021-06-15 18:38:33.831] [info] { level: 'info', from: 'AssetCache', type: 'checkingForAppUpdate' }
[2021-06-15 18:38:34.095] [info] { level: 'info', from: 'AssetCache', type: 'noAppUpdateAvailable2' }
[2021-06-15 18:48:33.836] [info] { level: 'info', from: 'AssetCache', type: 'checkingForAppUpdate' }
[2021-06-15 18:48:34.111] [info] { level: 'info', from: 'AssetCache', type: 'noAppUpdateAvailable2' }
[2021-06-15 18:58:33.839] [info] { level: 'info', from: 'AssetCache', type: 'checkingForAppUpdate' }
[2021-06-15 18:58:34.110] [info] { level: 'info', from: 'AssetCache', type: 'noAppUpdateAvailable2' }
[2021-06-15 19:08:33.843] [info] { level: 'info', from: 'AssetCache', type: 'checkingForAppUpdate' }
[2021-06-15 19:08:34.112] [info] { level: 'info', from: 'AssetCache', type: 'noAppUpdateAvailable2' }
[2021-06-15 19:18:33.843] [info] { level: 'info', from: 'AssetCache', type: 'checkingForAppUpdate' }
[2021-06-15 19:18:34.102] [info] { level: 'info', from: 'AssetCache', type: 'noAppUpdateAvailable2' }
[2021-06-15 19:28:33.843] [info] { level: 'info', from: 'AssetCache', type: 'checkingForAppUpdate' }
[2021-06-15 19:28:34.116] [info] { level: 'info', from: 'AssetCache', type: 'noAppUpdateAvailable2' }
[2021-06-15 19:38:33.845] [info] { level: 'info', from: 'AssetCache', type: 'checkingForAppUpdate' }
[2021-06-15 19:38:34.112] [info] { level: 'info', from: 'AssetCache', type: 'noAppUpdateAvailable2' }
[2021-06-15 19:48:33.847] [info] { level: 'info', from: 'AssetCache', type: 'checkingForAppUpdate' }
[2021-06-15 19:48:34.117] [info] { level: 'info', from: 'AssetCache', type: 'noAppUpdateAvailable2' }
[2021-06-15 19:58:33.849] [info] { level: 'info', from: 'AssetCache', type: 'checkingForAppUpdate' }
[2021-06-15 19:58:34.101] [info] { level: 'info', from: 'AssetCache', type: 'noAppUpdateAvailable2' }
[2021-06-15 20:08:33.849] [info] { level: 'info', from: 'AssetCache', type: 'checkingForAppUpdate' }
[2021-06-15 20:08:34.107] [info] { level: 'info', from: 'AssetCache', type: 'noAppUpdateAvailable2' }
[2021-06-15 20:18:33.850] [info] { level: 'info', from: 'AssetCache', type: 'checkingForAppUpdate' }
[2021-06-15 20:18:34.601] [info] { level: 'info', from: 'AssetCache', type: 'noAppUpdateAvailable2' }
[2021-06-15 20:28:33.850] [info] { level: 'info', from: 'AssetCache', type: 'checkingForAppUpdate' }
[2021-06-15 20:28:34.119] [info] { level: 'info', from: 'AssetCache', type: 'noAppUpdateAvailable2' }
[2021-06-15 20:38:33.850] [info] { level: 'info', from: 'AssetCache', type: 'checkingForAppUpdate' }
[2021-06-15 20:38:34.122] [info] { level: 'info', from: 'AssetCache', type: 'noAppUpdateAvailable2' }
[2021-06-15 20:48:33.865] [info] { level: 'info', from: 'AssetCache', type: 'checkingForAppUpdate' }
[2021-06-15 20:48:34.134] [info] { level: 'info', from: 'AssetCache', type: 'noAppUpdateAvailable2' }
[2021-06-15 20:58:33.879] [info] { level: 'info', from: 'AssetCache', type: 'checkingForAppUpdate' }
[2021-06-15 20:58:34.144] [info] { level: 'info', from: 'AssetCache', type: 'noAppUpdateAvailable2' }
[2021-06-15 21:08:33.892] [info] { level: 'info', from: 'AssetCache', type: 'checkingForAppUpdate' }
[2021-06-15 21:08:34.167] [info] { level: 'info', from: 'AssetCache', type: 'noAppUpdateAvailable2' }
[2021-06-15 21:18:33.901] [info] { level: 'info', from: 'AssetCache', type: 'checkingForAppUpdate' }
[2021-06-15 21:18:34.160] [info] { level: 'info', from: 'AssetCache', type: 'noAppUpdateAvailable2' }
[2021-06-15 21:28:33.911] [info] { level: 'info', from: 'AssetCache', type: 'checkingForAppUpdate' }
[2021-06-15 21:28:34.255] [info] { level: 'info', from: 'AssetCache', type: 'noAppUpdateAvailable2' }
[2021-06-15 21:38:33.919] [info] { level: 'info', from: 'AssetCache', type: 'checkingForAppUpdate' }
[2021-06-15 21:38:34.895] [info] { level: 'info', from: 'AssetCache', type: 'noAppUpdateAvailable2' }
[2021-06-15 21:48:33.921] [info] { level: 'info', from: 'AssetCache', type: 'checkingForAppUpdate' }
[2021-06-15 21:48:34.204] [info] { level: 'info', from: 'AssetCache', type: 'noAppUpdateAvailable2' }
[2021-06-15 21:58:33.933] [info] { level: 'info', from: 'AssetCache', type: 'checkingForAppUpdate' }
[2021-06-15 21:58:34.201] [info] { level: 'info', from: 'AssetCache', type: 'noAppUpdateAvailable2' }
[2021-06-15 22:08:33.939] [info] { level: 'info', from: 'AssetCache', type: 'checkingForAppUpdate' }
[2021-06-15 22:08:34.215] [info] { level: 'info', from: 'AssetCache', type: 'noAppUpdateAvailable2' }
[2021-06-15 22:18:33.949] [info] { level: 'info', from: 'AssetCache', type: 'checkingForAppUpdate' }
[2021-06-15 22:18:34.218] [info] { level: 'info', from: 'AssetCache', type: 'noAppUpdateAvailable2' }
[2021-06-15 22:28:33.959] [info] { level: 'info', from: 'AssetCache', type: 'checkingForAppUpdate' }
[2021-06-15 22:28:34.351] [info] { level: 'info', from: 'AssetCache', type: 'noAppUpdateAvailable2' }
[2021-06-15 22:38:33.969] [info] { level: 'info', from: 'AssetCache', type: 'checkingForAppUpdate' }
[2021-06-15 22:38:34.243] [info] { level: 'info', from: 'AssetCache', type: 'noAppUpdateAvailable2' }
[2021-06-15 22:48:33.979] [info] { level: 'info', from: 'AssetCache', type: 'checkingForAppUpdate' }
[2021-06-15 22:48:34.242] [info] { level: 'info', from: 'AssetCache', type: 'noAppUpdateAvailable2' }
[2021-06-15 22:58:33.988] [info] { level: 'info', from: 'AssetCache', type: 'checkingForAppUpdate' }
[2021-06-15 22:58:34.251] [info] { level: 'info', from: 'AssetCache', type: 'noAppUpdateAvailable2' }
[2021-06-15 23:08:33.993] [info] { level: 'info', from: 'AssetCache', type: 'checkingForAppUpdate' }
[2021-06-15 23:08:34.274] [info] { level: 'info', from: 'AssetCache', type: 'noAppUpdateAvailable2' }
[2021-06-15 23:18:33.999] [info] { level: 'info', from: 'AssetCache', type: 'checkingForAppUpdate' }
[2021-06-15 23:18:34.270] [info] { level: 'info', from: 'AssetCache', type: 'noAppUpdateAvailable2' }
[2021-06-15 23:28:33.999] [info] { level: 'info', from: 'AssetCache', type: 'checkingForAppUpdate' }
[2021-06-15 23:28:34.287] [info] { level: 'info', from: 'AssetCache', type: 'noAppUpdateAvailable2' }
[2021-06-15 23:38:34.006] [info] { level: 'info', from: 'AssetCache', type: 'checkingForAppUpdate' }
[2021-06-15 23:38:34.261] [info] { level: 'info', from: 'AssetCache', type: 'noAppUpdateAvailable2' }
[2021-06-15 23:48:34.009] [info] { level: 'info', from: 'AssetCache', type: 'checkingForAppUpdate' }
[2021-06-15 23:48:34.981] [info] { level: 'info', from: 'AssetCache', type: 'noAppUpdateAvailable2' }
[2021-06-15 23:58:34.016] [info] { level: 'info', from: 'AssetCache', type: 'checkingForAppUpdate' }
[2021-06-15 23:58:34.296] [info] {
  level: 'info',
  from: 'AssetCache',
  type: 'appUpdateAvailable',
  data: { version: '23.8.4.0' }
}
[2021-06-15 23:58:35.501] [info] { level: 'info', from: 'AssetCache', type: 'checkingForAppUpdate2' }
[2021-06-15 23:58:35.501] [info] {
  level: 'info',
  from: 'AssetCache',
  type: 'appUpdateDownloadComplete',
  data: { version: '23.8.4.0' }
}
[2021-06-15 23:58:35.502] [info] {
  level: 'info',
  from: 'AssetCache',
  type: 'installingAppUpdate',
  data: { version: '23.8.4.0' }
}
[2021-06-16 00:08:34.019] [info] { level: 'info', from: 'AssetCache', type: 'checkingForAppUpdate' }
[2021-06-16 00:08:34.546] [info] { level: 'info', from: 'AssetCache', type: 'noAppUpdateAvailable2' }
[2021-06-16 00:18:34.021] [info] { level: 'info', from: 'AssetCache', type: 'checkingForAppUpdate' }
[2021-06-16 00:18:34.286] [info] { level: 'info', from: 'AssetCache', type: 'noAppUpdateAvailable2' }
[2021-06-16 00:28:34.026] [info] { level: 'info', from: 'AssetCache', type: 'checkingForAppUpdate' }
[2021-06-16 00:28:34.521] [info] { level: 'info', from: 'AssetCache', type: 'noAppUpdateAvailable2' }
[2021-06-16 00:38:34.029] [info] { level: 'info', from: 'AssetCache', type: 'checkingForAppUpdate' }
[2021-06-16 00:38:34.296] [info] { level: 'info', from: 'AssetCache', type: 'noAppUpdateAvailable2' }
[2021-06-16 00:48:34.033] [info] { level: 'info', from: 'AssetCache', type: 'checkingForAppUpdate' }
[2021-06-16 00:48:34.308] [info] { level: 'info', from: 'AssetCache', type: 'noAppUpdateAvailable2' }
[2021-06-16 00:58:34.036] [info] { level: 'info', from: 'AssetCache', type: 'checkingForAppUpdate' }
[2021-06-16 00:58:34.299] [info] { level: 'info', from: 'AssetCache', type: 'noAppUpdateAvailable2' }
[2021-06-16 01:08:34.039] [info] { level: 'info', from: 'AssetCache', type: 'checkingForAppUpdate' }
[2021-06-16 01:08:34.297] [info] { level: 'info', from: 'AssetCache', type: 'noAppUpdateAvailable2' }
[2021-06-16 01:18:34.042] [info] { level: 'info', from: 'AssetCache', type: 'checkingForAppUpdate' }
[2021-06-16 01:18:34.301] [info] { level: 'info', from: 'AssetCache', type: 'noAppUpdateAvailable2' }
[2021-06-16 01:28:34.044] [info] { level: 'info', from: 'AssetCache', type: 'checkingForAppUpdate' }
[2021-06-16 01:28:35.353] [info] { level: 'info', from: 'AssetCache', type: 'noAppUpdateAvailable2' }
[2021-06-16 01:38:34.046] [info] { level: 'info', from: 'AssetCache', type: 'checkingForAppUpdate' }
[2021-06-16 01:38:34.319] [info] { level: 'info', from: 'AssetCache', type: 'noAppUpdateAvailable2' }
[2021-06-16 01:48:34.047] [info] { level: 'info', from: 'AssetCache', type: 'checkingForAppUpdate' }
[2021-06-16 01:48:34.323] [info] { level: 'info', from: 'AssetCache', type: 'noAppUpdateAvailable2' }
[2021-06-16 01:58:34.048] [info] { level: 'info', from: 'AssetCache', type: 'checkingForAppUpdate' }
[2021-06-16 01:58:34.308] [info] { level: 'info', from: 'AssetCache', type: 'noAppUpdateAvailable2' }
[2021-06-16 02:08:34.062] [info] { level: 'info', from: 'AssetCache', type: 'checkingForAppUpdate' }
[2021-06-16 02:08:34.324] [info] { level: 'info', from: 'AssetCache', type: 'noAppUpdateAvailable2' }
[2021-06-16 02:18:34.066] [info] { level: 'info', from: 'AssetCache', type: 'checkingForAppUpdate' }
[2021-06-16 02:18:34.329] [info] {
  level: 'info',
  from: 'AssetCache',
  type: 'appUpdateAvailable',
  data: { version: '23.8.5.0' }
}
[2021-06-16 02:18:35.966] [info] { level: 'info', from: 'AssetCache', type: 'checkingForAppUpdate2' }
[2021-06-16 02:18:35.966] [info] {
  level: 'info',
  from: 'AssetCache',
  type: 'appUpdateDownloadComplete',
  data: { version: '23.8.5.0' }
}
[2021-06-16 02:18:35.967] [info] {
  level: 'info',
  from: 'AssetCache',
  type: 'installingAppUpdate',
  data: { version: '23.8.5.0' }
}
[2021-06-16 02:28:34.079] [info] { level: 'info', from: 'AssetCache', type: 'checkingForAppUpdate' }
[2021-06-16 02:28:34.338] [info] { level: 'info', from: 'AssetCache', type: 'noAppUpdateAvailable2' }
[2021-06-16 02:38:34.089] [info] { level: 'info', from: 'AssetCache', type: 'checkingForAppUpdate' }
[2021-06-16 02:38:35.367] [info] { level: 'info', from: 'AssetCache', type: 'noAppUpdateAvailable2' }
[2021-06-16 02:48:34.099] [info] { level: 'info', from: 'AssetCache', type: 'checkingForAppUpdate' }
[2021-06-16 02:48:34.627] [info] { level: 'info', from: 'AssetCache', type: 'noAppUpdateAvailable2' }
[2021-06-16 02:58:34.111] [info] { level: 'info', from: 'AssetCache', type: 'checkingForAppUpdate' }
[2021-06-16 02:58:35.319] [info] { level: 'info', from: 'AssetCache', type: 'noAppUpdateAvailable2' }
[2021-06-16 03:08:34.119] [info] { level: 'info', from: 'AssetCache', type: 'checkingForAppUpdate' }
[2021-06-16 03:08:34.379] [info] { level: 'info', from: 'AssetCache', type: 'noAppUpdateAvailable2' }
[2021-06-16 03:18:34.129] [info] { level: 'info', from: 'AssetCache', type: 'checkingForAppUpdate' }
[2021-06-16 03:18:34.387] [info] { level: 'info', from: 'AssetCache', type: 'noAppUpdateAvailable2' }
[2021-06-16 03:28:34.136] [info] { level: 'info', from: 'AssetCache', type: 'checkingForAppUpdate' }
[2021-06-16 03:28:35.328] [info] { level: 'info', from: 'AssetCache', type: 'noAppUpdateAvailable2' }
[2021-06-16 03:38:34.139] [info] { level: 'info', from: 'AssetCache', type: 'checkingForAppUpdate' }
[2021-06-16 03:38:34.396] [info] { level: 'info', from: 'AssetCache', type: 'noAppUpdateAvailable2' }
[2021-06-16 03:48:34.149] [info] { level: 'info', from: 'AssetCache', type: 'checkingForAppUpdate' }
[2021-06-16 03:48:34.643] [info] { level: 'info', from: 'AssetCache', type: 'noAppUpdateAvailable2' }
[2021-06-16 03:58:34.159] [info] { level: 'info', from: 'AssetCache', type: 'checkingForAppUpdate' }
[2021-06-16 03:58:34.428] [info] { level: 'info', from: 'AssetCache', type: 'noAppUpdateAvailable2' }
[2021-06-16 04:08:34.163] [info] { level: 'info', from: 'AssetCache', type: 'checkingForAppUpdate' }
[2021-06-16 04:08:34.669] [info] { level: 'info', from: 'AssetCache', type: 'noAppUpdateAvailable2' }
[2021-06-16 04:18:34.169] [info] { level: 'info', from: 'AssetCache', type: 'checkingForAppUpdate' }
[2021-06-16 04:18:34.426] [info] { level: 'info', from: 'AssetCache', type: 'noAppUpdateAvailable2' }
[2021-06-16 04:28:34.169] [info] { level: 'info', from: 'AssetCache', type: 'checkingForAppUpdate' }
[2021-06-16 04:28:34.668] [info] { level: 'info', from: 'AssetCache', type: 'noAppUpdateAvailable2' }
[2021-06-16 04:38:34.177] [info] { level: 'info', from: 'AssetCache', type: 'checkingForAppUpdate' }
[2021-06-16 04:38:34.684] [info] { level: 'info', from: 'AssetCache', type: 'noAppUpdateAvailable2' }
[2021-06-16 04:48:34.180] [info] { level: 'info', from: 'AssetCache', type: 'checkingForAppUpdate' }
[2021-06-16 04:48:34.451] [info] { level: 'info', from: 'AssetCache', type: 'noAppUpdateAvailable2' }
[2021-06-16 04:57:44.305] [info] Quitting...
[2021-06-16 04:57:44.308] [info] Killing child process
