[2021-05-24 17:20:17.402] [sharedprocess] [info] Starting to clean up unused language packs.
[2021-05-24 17:21:20.355] [sharedprocess] [info] Installing extension: esbenp.prettier-vscode
[2021-05-24 17:21:23.421] [sharedprocess] [info] Downloaded extension: esbenp.prettier-vscode /home/rutesh/.config/Code - OSS/CachedExtensionVSIXs/esbenp.prettier-vscode-6.4.0
[2021-05-24 17:21:23.624] [sharedprocess] [info] Extracted extension to /home/rutesh/.vscode-oss/extensions/.a297c675-d0cb-419b-b269-33a3f9d09007: esbenp.prettier-vscode
[2021-05-24 17:21:23.627] [sharedprocess] [info] Renamed to /home/rutesh/.vscode-oss/extensions/esbenp.prettier-vscode-6.4.0
[2021-05-24 17:21:23.628] [sharedprocess] [info] Installation completed. esbenp.prettier-vscode
[2021-05-24 17:21:23.630] [sharedprocess] [info] Extensions installed successfully: esbenp.prettier-vscode
[2021-05-24 17:23:11.195] [sharedprocess] [info] Installing extension: dbaeumer.vscode-eslint
[2021-05-24 17:23:11.836] [sharedprocess] [info] Downloaded extension: dbaeumer.vscode-eslint /home/rutesh/.config/Code - OSS/CachedExtensionVSIXs/dbaeumer.vscode-eslint-2.1.8
[2021-05-24 17:23:11.847] [sharedprocess] [info] Extracted extension to /home/rutesh/.vscode-oss/extensions/.914ebd27-47b3-45a0-bf98-105065a756e6: dbaeumer.vscode-eslint
[2021-05-24 17:23:11.849] [sharedprocess] [info] Renamed to /home/rutesh/.vscode-oss/extensions/dbaeumer.vscode-eslint-2.1.8
[2021-05-24 17:23:11.850] [sharedprocess] [info] Installation completed. dbaeumer.vscode-eslint
[2021-05-24 17:23:11.851] [sharedprocess] [info] Extensions installed successfully: dbaeumer.vscode-eslint
[2021-05-24 17:25:39.134] [sharedprocess] [info] Installing extension: pkief.material-icon-theme
[2021-05-24 17:25:40.772] [sharedprocess] [info] Downloaded extension: pkief.material-icon-theme /home/rutesh/.config/Code - OSS/CachedExtensionVSIXs/pkief.material-icon-theme-4.6.0
[2021-05-24 17:25:41.127] [sharedprocess] [info] Extracted extension to /home/rutesh/.vscode-oss/extensions/.b1a52661-f9d1-447c-80e1-b0c9f02f841c: pkief.material-icon-theme
[2021-05-24 17:25:41.129] [sharedprocess] [info] Renamed to /home/rutesh/.vscode-oss/extensions/pkief.material-icon-theme-4.6.0
[2021-05-24 17:25:41.131] [sharedprocess] [info] Installation completed. pkief.material-icon-theme
[2021-05-24 17:25:41.132] [sharedprocess] [info] Extensions installed successfully: pkief.material-icon-theme
[2021-05-24 17:29:25.658] [sharedprocess] [info] Installing extension: equinusocio.vsc-material-theme
[2021-05-24 17:29:26.816] [sharedprocess] [info] Downloaded extension: equinusocio.vsc-material-theme /home/rutesh/.config/Code - OSS/CachedExtensionVSIXs/equinusocio.vsc-material-theme-33.2.2
[2021-05-24 17:29:26.878] [sharedprocess] [info] Extracted extension to /home/rutesh/.vscode-oss/extensions/.b2b2fec4-4efb-4212-b4b7-47c52134d43e: equinusocio.vsc-material-theme
[2021-05-24 17:29:26.881] [sharedprocess] [info] Renamed to /home/rutesh/.vscode-oss/extensions/equinusocio.vsc-material-theme-33.2.2
[2021-05-24 17:29:26.883] [sharedprocess] [info] Installation completed. equinusocio.vsc-material-theme
[2021-05-24 17:29:27.287] [sharedprocess] [info] Installing extension: equinusocio.vsc-community-material-theme
[2021-05-24 17:29:27.287] [sharedprocess] [info] Installing extension: equinusocio.vsc-material-theme-icons
[2021-05-24 17:29:27.928] [sharedprocess] [info] Downloaded extension: equinusocio.vsc-community-material-theme /home/rutesh/.config/Code - OSS/CachedExtensionVSIXs/equinusocio.vsc-community-material-theme-1.4.4
[2021-05-24 17:29:27.949] [sharedprocess] [info] Extracted extension to /home/rutesh/.vscode-oss/extensions/.e66127f1-9f1c-4bdb-b489-2af6130d92fd: equinusocio.vsc-community-material-theme
[2021-05-24 17:29:27.952] [sharedprocess] [info] Renamed to /home/rutesh/.vscode-oss/extensions/equinusocio.vsc-community-material-theme-1.4.4
[2021-05-24 17:29:27.952] [sharedprocess] [info] Installation completed. equinusocio.vsc-community-material-theme
[2021-05-24 17:29:27.954] [sharedprocess] [info] Extensions installed successfully: equinusocio.vsc-community-material-theme
[2021-05-24 17:29:29.829] [sharedprocess] [info] Downloaded extension: equinusocio.vsc-material-theme-icons /home/rutesh/.config/Code - OSS/CachedExtensionVSIXs/equinusocio.vsc-material-theme-icons-2.0.0
[2021-05-24 17:29:31.230] [sharedprocess] [info] Extracted extension to /home/rutesh/.vscode-oss/extensions/.39371f0c-b376-4abc-959d-04abe4d55b7d: equinusocio.vsc-material-theme-icons
[2021-05-24 17:29:31.235] [sharedprocess] [info] Renamed to /home/rutesh/.vscode-oss/extensions/equinusocio.vsc-material-theme-icons-2.0.0
[2021-05-24 17:29:31.236] [sharedprocess] [info] Installation completed. equinusocio.vsc-material-theme-icons
[2021-05-24 17:29:31.239] [sharedprocess] [info] Extensions installed successfully: equinusocio.vsc-material-theme-icons
[2021-05-24 17:29:31.239] [sharedprocess] [info] Extensions installed successfully: equinusocio.vsc-material-theme
